Cloud-init v. 23.1.1-0ubuntu0~22.04.1 running 'init-local' at Tue, 06 Jun 2023 08:08:23 +0000. Up 4.27 seconds.
2023-06-06 08:08:24,003 - handlers.py[WARNING]: Failed posting event: {"name": "init-local/check-cache", "description": "attempting to read from cache [trust]", "event_type": "start", "origin": "cloudinit", "timestamp": 1686038903.980044}. This was caused by: HTTPConnectionPool(host='10.0.32.8', port=5248): Max retries exceeded with url: /MAAS/metadata/status/aashm6 (Caused by NewConnectionError('<urllib3.connection.HTTPConnection object at 0x7f2e7a3d5000>: Failed to establish a new connection: [Errno 101] Network is unreachable'))
2023-06-06 08:08:24,007 - handlers.py[WARNING]: Failed posting event: {"name": "init-local/check-cache", "description": "no cache found", "event_type": "finish", "origin": "cloudinit", "timestamp": 1686038903.9807546, "result": "SUCCESS"}. This was caused by: HTTPConnectionPool(host='10.0.32.8', port=5248): Max retries exceeded with url: /MAAS/metadata/status/aashm6 (Caused by NewConnectionError('<urllib3.connection.HTTPConnection object at 0x7f2e7a3d4460>: Failed to establish a new connection: [Errno 101] Network is unreachable'))
2023-06-06 08:08:24,181 - handlers.py[WARNING]: Failed posting event: {"name": "init-local", "description": "searching for local datasources", "event_type": "finish", "origin": "cloudinit", "timestamp": 1686038904.17979, "result": "SUCCESS"}. This was caused by: HTTPConnectionPool(host='10.0.32.8', port=5248): Max retries exceeded with url: /MAAS/metadata/status/aashm6 (Caused by NewConnectionError('<urllib3.connection.HTTPConnection object at 0x7f2e7a3d49a0>: Failed to establish a new connection: [Errno 101] Network is unreachable'))
2023-06-06 08:08:24,182 - handlers.py[WARNING]: Multiple consecutive failures in WebHookHandler. Cancelling all queued events.
Cloud-init v. 23.1.1-0ubuntu0~22.04.1 running 'init' at Tue, 06 Jun 2023 08:08:37 +0000. Up 18.14 seconds.
ci-info: ++++++++++++++++++++++++++++++++++++++Net device info++++++++++++++++++++++++++++++++++++++
ci-info: +--------+------+----------------------------+---------------+--------+-------------------+
ci-info: | Device |  Up  |          Address           |      Mask     | Scope  |     Hw-Address    |
ci-info: +--------+------+----------------------------+---------------+--------+-------------------+
ci-info: |  ens4  | True |         10.0.32.5          | 255.255.255.0 | global | 52:54:00:57:70:ed |
ci-info: |  ens4  | True | fe80::5054:ff:fe57:70ed/64 |       .       |  link  | 52:54:00:57:70:ed |
ci-info: |   lo   | True |         127.0.0.1          |   255.0.0.0   |  host  |         .         |
ci-info: |   lo   | True |          ::1/128           |       .       |  host  |         .         |
ci-info: +--------+------+----------------------------+---------------+--------+-------------------+
ci-info: ++++++++++++++++++++++++++++Route IPv4 info++++++++++++++++++++++++++++
ci-info: +-------+-------------+-----------+---------------+-----------+-------+
ci-info: | Route | Destination |  Gateway  |    Genmask    | Interface | Flags |
ci-info: +-------+-------------+-----------+---------------+-----------+-------+
ci-info: |   0   |   0.0.0.0   | 10.0.32.1 |    0.0.0.0    |    ens4   |   UG  |
ci-info: |   1   |  10.0.32.0  |  0.0.0.0  | 255.255.255.0 |    ens4   |   U   |
ci-info: +-------+-------------+-----------+---------------+-----------+-------+
ci-info: +++++++++++++++++++Route IPv6 info+++++++++++++++++++
ci-info: +-------+-------------+---------+-----------+-------+
ci-info: | Route | Destination | Gateway | Interface | Flags |
ci-info: +-------+-------------+---------+-----------+-------+
ci-info: |   1   |  fe80::/64  |    ::   |    ens4   |   U   |
ci-info: |   3   |    local    |    ::   |    ens4   |   U   |
ci-info: |   4   |  multicast  |    ::   |    ens4   |   U   |
ci-info: +-------+-------------+---------+-----------+-------+
2023-06-06 08:08:38,745 - activators.py[WARNING]: Running ['netplan', 'apply'] resulted in stderr output: 
** (generate:818): WARNING **: 08:08:38.329: `gateway4` has been deprecated, use default routes instead.
See the 'Default routes' section of the documentation for more details.

** (process:816): WARNING **: 08:08:38.526: `gateway4` has been deprecated, use default routes instead.
See the 'Default routes' section of the documentation for more details.

** (process:816): WARNING **: 08:08:38.533: `gateway4` has been deprecated, use default routes instead.
See the 'Default routes' section of the documentation for more details.

** (process:816): WARNING **: 08:08:38.646: `gateway4` has been deprecated, use default routes instead.
See the 'Default routes' section of the documentation for more details.

** (process:816): WARNING **: 08:08:38.646: `gateway4` has been deprecated, use default routes instead.
See the 'Default routes' section of the documentation for more details.
Failed to connect system bus: No such file or directory
Falling back to a hard restart of systemd-networkd.service

Generating public/private rsa key pair.
Your identification has been saved in /etc/ssh/ssh_host_rsa_key
Your public key has been saved in /etc/ssh/ssh_host_rsa_key.pub
The key fingerprint is:
SHA256:BSSCZIJdVxHQ2wrABBpuuFeEsOWUFybWLcxNc+JkDl4 root@awk-55
The key's randomart image is:
+---[RSA 3072]----+
|=+O%O=E=Bo       |
|+@==OXo=..       |
|+o..ooo  o.      |
|.. .  . ...      |
|. .    .S.       |
| .      .        |
|                 |
|                 |
|                 |
+----[SHA256]-----+
Generating public/private dsa key pair.
Your identification has been saved in /etc/ssh/ssh_host_dsa_key
Your public key has been saved in /etc/ssh/ssh_host_dsa_key.pub
The key fingerprint is:
SHA256:oSa2ZwZkVhXCyNo7aZVJq2LuyzAV+wtbscWR7WbKqcU root@awk-55
The key's randomart image is:
+---[DSA 1024]----+
|   . oo.o.       |
|    o.o+         |
|  .o+.o+o        |
|  .*..=+ .       |
|  o === S        |
| .oo*@ =         |
|oo.o=.E          |
| +.+ B           |
| .=.o            |
+----[SHA256]-----+
Generating public/private ecdsa key pair.
Your identification has been saved in /etc/ssh/ssh_host_ecdsa_key
Your public key has been saved in /etc/ssh/ssh_host_ecdsa_key.pub
The key fingerprint is:
SHA256:r2rV0ZVA0twxiD4XEE73wmh1vespm/ZFt3qsUvC7M/s root@awk-55
The key's randomart image is:
+---[ECDSA 256]---+
|          =B=+++ |
|         o.*=o+..|
|         .+.oo. .|
|         .+.o. . |
|        S. +o   +|
|        ...  o oo|
|       .  . . +.o|
|      .  . . *o=.|
|     ....   oB%E |
+----[SHA256]-----+
Generating public/private ed25519 key pair.
Your identification has been saved in /etc/ssh/ssh_host_ed25519_key
Your public key has been saved in /etc/ssh/ssh_host_ed25519_key.pub
The key fingerprint is:
SHA256:XRxLtAtAG2bFGmv4oVuyuYSkb5Ft+/Z28e+Xi36hdig root@awk-55
The key's randomart image is:
+--[ED25519 256]--+
|       .*o..+    |
|       o.+.o +   |
|       ..+. =    |
|      . =. o .   |
|    .o +S.. .    |
|   oo.= o   .  . |
|  . .o.B     oo o|
|   ...= . .E.+o+.|
|   .. .+.o..+oo+=|
+----[SHA256]-----+
Cloud-init v. 23.1.1-0ubuntu0~22.04.1 running 'modules:config' at Tue, 06 Jun 2023 08:08:51 +0000. Up 31.36 seconds.
Begin run command: snap set system proxy.http="http://10.0.32.8:8000/" proxy.https="http://10.0.32.8:8000/"
End run command: exit(0)
Cloud-init v. 23.1.1-0ubuntu0~22.04.1 running 'modules:final' at Tue, 06 Jun 2023 08:08:51 +0000. Up 32.27 seconds.
Cloning into '/bash'...
Warning: Permanently added 'github.com' (ED25519) to the list of known hosts.
Hit:1 http://archive.ubuntu.com/ubuntu jammy InRelease
Hit:2 http://archive.ubuntu.com/ubuntu jammy-updates InRelease
Hit:3 http://archive.ubuntu.com/ubuntu jammy-security InRelease
Hit:4 http://archive.ubuntu.com/ubuntu jammy-backports InRelease
Reading package lists...
Reading package lists...
Building dependency tree...
Reading state information...
Calculating upgrade...
The following packages will be upgraded:
  apport apt apt-utils bind9-dnsutils bind9-host bind9-libs binutils
  binutils-common binutils-x86-64-linux-gnu ca-certificates cloud-init
  distro-info-data dpkg git-man iptables libapt-pkg6.0 libbinutils
  libctf-nobfd0 libctf0 libfreetype6 libglib2.0-0 libglib2.0-bin
  libglib2.0-data libgssapi-krb5-2 libip4tc2 libip6tc2 libk5crypto3 libkrb5-3
  libkrb5support0 libldap-2.5-0 libldap-common libncurses6 libncursesw6
  libnss-systemd libpam-systemd libperl5.34 libpython3.10
  libpython3.10-minimal libpython3.10-stdlib libssh-4 libssl3 libsystemd0
  libtinfo6 libudev1 libxml2 libxtables12 mdadm ncurses-base ncurses-bin
  ncurses-term open-vm-tools openssl perl perl-base perl-modules-5.34
  python3-apport python3-problem-report python3-software-properties python3-tz
  python3.10 python3.10-minimal snapd software-properties-common sudo systemd
  systemd-sysv systemd-timesyncd tzdata ubuntu-advantage-tools udev vim
  vim-common vim-runtime vim-tiny xxd
75 upgraded, 0 newly installed, 0 to remove and 0 not upgraded.
Need to get 78.5 MB of archives.
After this operation, 430 kB of additional disk space will be used.
Get:1 http://archive.ubuntu.com/ubuntu jammy-updates/main amd64 libsystemd0 amd64 249.11-0ubuntu3.9 [318 kB]
Get:2 http://archive.ubuntu.com/ubuntu jammy-updates/main amd64 systemd-timesyncd amd64 249.11-0ubuntu3.9 [31.2 kB]
Get:3 http://archive.ubuntu.com/ubuntu jammy-updates/main amd64 systemd-sysv amd64 249.11-0ubuntu3.9 [10.5 kB]
Get:4 http://archive.ubuntu.com/ubuntu jammy-updates/main amd64 libpam-systemd amd64 249.11-0ubuntu3.9 [203 kB]
Get:5 http://archive.ubuntu.com/ubuntu jammy-updates/main amd64 libnss-systemd amd64 249.11-0ubuntu3.9 [133 kB]
Get:6 http://archive.ubuntu.com/ubuntu jammy-updates/main amd64 systemd amd64 249.11-0ubuntu3.9 [4581 kB]
Get:7 http://archive.ubuntu.com/ubuntu jammy-updates/main amd64 udev amd64 249.11-0ubuntu3.9 [1557 kB]
Get:8 http://archive.ubuntu.com/ubuntu jammy-updates/main amd64 libudev1 amd64 249.11-0ubuntu3.9 [77.1 kB]
Get:9 http://archive.ubuntu.com/ubuntu jammy-updates/main amd64 libxtables12 amd64 1.8.7-1ubuntu5.1 [31.2 kB]
Get:10 http://archive.ubuntu.com/ubuntu jammy-updates/main amd64 iptables amd64 1.8.7-1ubuntu5.1 [455 kB]
Get:11 http://archive.ubuntu.com/ubuntu jammy-updates/main amd64 libip6tc2 amd64 1.8.7-1ubuntu5.1 [20.2 kB]
Get:12 http://archive.ubuntu.com/ubuntu jammy-updates/main amd64 libip4tc2 amd64 1.8.7-1ubuntu5.1 [19.8 kB]
Get:13 http://archive.ubuntu.com/ubuntu jammy-updates/main amd64 libssl3 amd64 3.0.2-0ubuntu1.10 [1901 kB]
Get:14 http://archive.ubuntu.com/ubuntu jammy-updates/main amd64 libapt-pkg6.0 amd64 2.4.9 [906 kB]
Get:15 http://archive.ubuntu.com/ubuntu jammy-updates/main amd64 dpkg amd64 1.21.1ubuntu2.2 [1239 kB]
Get:16 http://archive.ubuntu.com/ubuntu jammy-updates/main amd64 ncurses-bin amd64 6.3-2ubuntu0.1 [184 kB]
Get:17 http://archive.ubuntu.com/ubuntu jammy-updates/main amd64 libperl5.34 amd64 5.34.0-3ubuntu1.2 [4818 kB]
Get:18 http://archive.ubuntu.com/ubuntu jammy-updates/main amd64 perl amd64 5.34.0-3ubuntu1.2 [232 kB]
Get:19 http://archive.ubuntu.com/ubuntu jammy-updates/main amd64 perl-base amd64 5.34.0-3ubuntu1.2 [1759 kB]
Get:20 http://archive.ubuntu.com/ubuntu jammy-updates/main amd64 perl-modules-5.34 all 5.34.0-3ubuntu1.2 [2977 kB]
Get:21 http://archive.ubuntu.com/ubuntu jammy-updates/main amd64 ncurses-base all 6.3-2ubuntu0.1 [20.2 kB]
Get:22 http://archive.ubuntu.com/ubuntu jammy-updates/main amd64 apt amd64 2.4.9 [1379 kB]
Get:23 http://archive.ubuntu.com/ubuntu jammy-updates/main amd64 apt-utils amd64 2.4.9 [211 kB]
Get:24 http://archive.ubuntu.com/ubuntu jammy-updates/main amd64 libpython3.10 amd64 3.10.6-1~22.04.2ubuntu1.1 [1955 kB]
Get:25 http://archive.ubuntu.com/ubuntu jammy-updates/main amd64 python3.10 amd64 3.10.6-1~22.04.2ubuntu1.1 [497 kB]
Get:26 http://archive.ubuntu.com/ubuntu jammy-updates/main amd64 libpython3.10-stdlib amd64 3.10.6-1~22.04.2ubuntu1.1 [1832 kB]
Get:27 http://archive.ubuntu.com/ubuntu jammy-updates/main amd64 python3.10-minimal amd64 3.10.6-1~22.04.2ubuntu1.1 [2262 kB]
Get:28 http://archive.ubuntu.com/ubuntu jammy-updates/main amd64 libpython3.10-minimal amd64 3.10.6-1~22.04.2ubuntu1.1 [810 kB]
Get:29 http://archive.ubuntu.com/ubuntu jammy-updates/main amd64 libncurses6 amd64 6.3-2ubuntu0.1 [111 kB]
Get:30 http://archive.ubuntu.com/ubuntu jammy-updates/main amd64 libncursesw6 amd64 6.3-2ubuntu0.1 [147 kB]
Get:31 http://archive.ubuntu.com/ubuntu jammy-updates/main amd64 libtinfo6 amd64 6.3-2ubuntu0.1 [105 kB]
Get:32 http://archive.ubuntu.com/ubuntu jammy-updates/main amd64 libglib2.0-data all 2.72.4-0ubuntu2 [4968 B]
Get:33 http://archive.ubuntu.com/ubuntu jammy-updates/main amd64 libglib2.0-bin amd64 2.72.4-0ubuntu2 [80.9 kB]
Get:34 http://archive.ubuntu.com/ubuntu jammy-updates/main amd64 libglib2.0-0 amd64 2.72.4-0ubuntu2 [1462 kB]
Get:35 http://archive.ubuntu.com/ubuntu jammy-updates/main amd64 libxml2 amd64 2.9.13+dfsg-1ubuntu0.3 [763 kB]
Get:36 http://archive.ubuntu.com/ubuntu jammy-updates/main amd64 open-vm-tools amd64 2:12.1.5-3~ubuntu0.22.04.1 [742 kB]
Get:37 http://archive.ubuntu.com/ubuntu jammy-updates/main amd64 libk5crypto3 amd64 1.19.2-2ubuntu0.2 [86.3 kB]
Get:38 http://archive.ubuntu.com/ubuntu jammy-updates/main amd64 libkrb5support0 amd64 1.19.2-2ubuntu0.2 [32.3 kB]
Get:39 http://archive.ubuntu.com/ubuntu jammy-updates/main amd64 libkrb5-3 amd64 1.19.2-2ubuntu0.2 [357 kB]
Get:40 http://archive.ubuntu.com/ubuntu jammy-updates/main amd64 libgssapi-krb5-2 amd64 1.19.2-2ubuntu0.2 [145 kB]
Get:41 http://archive.ubuntu.com/ubuntu jammy-updates/main amd64 openssl amd64 3.0.2-0ubuntu1.10 [1183 kB]
Get:42 http://archive.ubuntu.com/ubuntu jammy-updates/main amd64 ca-certificates all 20230311ubuntu0.22.04.1 [155 kB]
Get:43 http://archive.ubuntu.com/ubuntu jammy-updates/main amd64 distro-info-data all 0.52ubuntu0.4 [4986 B]
Get:44 http://archive.ubuntu.com/ubuntu jammy-updates/main amd64 sudo amd64 1.9.9-1ubuntu2.4 [821 kB]
Get:45 http://archive.ubuntu.com/ubuntu jammy-updates/main amd64 tzdata all 2023c-0ubuntu0.22.04.2 [349 kB]
Get:46 http://archive.ubuntu.com/ubuntu jammy-updates/main amd64 ubuntu-advantage-tools amd64 27.14.4~22.04 [171 kB]
Get:47 http://archive.ubuntu.com/ubuntu jammy-updates/main amd64 vim amd64 2:8.2.3995-1ubuntu2.7 [1728 kB]
Get:48 http://archive.ubuntu.com/ubuntu jammy-updates/main amd64 vim-tiny amd64 2:8.2.3995-1ubuntu2.7 [707 kB]
Get:49 http://archive.ubuntu.com/ubuntu jammy-updates/main amd64 vim-runtime all 2:8.2.3995-1ubuntu2.7 [6825 kB]
Get:50 http://archive.ubuntu.com/ubuntu jammy-updates/main amd64 xxd amd64 2:8.2.3995-1ubuntu2.7 [53.7 kB]
Get:51 http://archive.ubuntu.com/ubuntu jammy-updates/main amd64 vim-common all 2:8.2.3995-1ubuntu2.7 [81.5 kB]
Get:52 http://archive.ubuntu.com/ubuntu jammy-updates/main amd64 bind9-host amd64 1:9.18.12-0ubuntu0.22.04.1 [52.4 kB]
Get:53 http://archive.ubuntu.com/ubuntu jammy-updates/main amd64 bind9-dnsutils amd64 1:9.18.12-0ubuntu0.22.04.1 [157 kB]
Get:54 http://archive.ubuntu.com/ubuntu jammy-updates/main amd64 bind9-libs amd64 1:9.18.12-0ubuntu0.22.04.1 [1240 kB]
Get:55 http://archive.ubuntu.com/ubuntu jammy-updates/main amd64 python3-problem-report all 2.20.11-0ubuntu82.5 [11.1 kB]
Get:56 http://archive.ubuntu.com/ubuntu jammy-updates/main amd64 python3-apport all 2.20.11-0ubuntu82.5 [88.9 kB]
Get:57 http://archive.ubuntu.com/ubuntu jammy-updates/main amd64 apport all 2.20.11-0ubuntu82.5 [133 kB]
Get:58 http://archive.ubuntu.com/ubuntu jammy-updates/main amd64 libctf0 amd64 2.38-4ubuntu2.2 [103 kB]
Get:59 http://archive.ubuntu.com/ubuntu jammy-updates/main amd64 libctf-nobfd0 amd64 2.38-4ubuntu2.2 [107 kB]
Get:60 http://archive.ubuntu.com/ubuntu jammy-updates/main amd64 binutils-x86-64-linux-gnu amd64 2.38-4ubuntu2.2 [2328 kB]
Get:61 http://archive.ubuntu.com/ubuntu jammy-updates/main amd64 libbinutils amd64 2.38-4ubuntu2.2 [660 kB]
Get:62 http://archive.ubuntu.com/ubuntu jammy-updates/main amd64 binutils amd64 2.38-4ubuntu2.2 [3186 B]
Get:63 http://archive.ubuntu.com/ubuntu jammy-updates/main amd64 binutils-common amd64 2.38-4ubuntu2.2 [222 kB]
Get:64 http://archive.ubuntu.com/ubuntu jammy-updates/main amd64 git-man all 1:2.34.1-1ubuntu1.9 [954 kB]
Get:65 http://archive.ubuntu.com/ubuntu jammy-updates/main amd64 libfreetype6 amd64 2.11.1+dfsg-1ubuntu0.2 [389 kB]
Get:66 http://archive.ubuntu.com/ubuntu jammy-updates/main amd64 libldap-2.5-0 amd64 2.5.14+dfsg-0ubuntu0.22.04.2 [183 kB]
Get:67 http://archive.ubuntu.com/ubuntu jammy-updates/main amd64 libldap-common all 2.5.14+dfsg-0ubuntu0.22.04.2 [15.8 kB]
Get:68 http://archive.ubuntu.com/ubuntu jammy-updates/main amd64 libssh-4 amd64 0.9.6-2ubuntu0.22.04.1 [185 kB]
Get:69 http://archive.ubuntu.com/ubuntu jammy-updates/main amd64 mdadm amd64 4.2-0ubuntu2 [464 kB]
Get:70 http://archive.ubuntu.com/ubuntu jammy-updates/main amd64 ncurses-term all 6.3-2ubuntu0.1 [267 kB]
Get:71 http://archive.ubuntu.com/ubuntu jammy-updates/main amd64 software-properties-common all 0.99.22.7 [14.1 kB]
Get:72 http://archive.ubuntu.com/ubuntu jammy-updates/main amd64 python3-software-properties all 0.99.22.7 [28.8 kB]
Get:73 http://archive.ubuntu.com/ubuntu jammy-updates/main amd64 python3-tz all 2022.1-1ubuntu0.22.04.1 [30.7 kB]
Get:74 http://archive.ubuntu.com/ubuntu jammy-updates/main amd64 snapd amd64 2.58+22.04.1 [23.8 MB]
Get:75 http://archive.ubuntu.com/ubuntu jammy-updates/main amd64 cloud-init all 23.1.2-0ubuntu0~22.04.1 [531 kB]
dpkg-preconfigure: unable to re-open stdin: No such file or directory
Fetched 78.5 MB in 3s (27.0 MB/s)
(Reading database ... 74585 files and directories currently installed.)
Preparing to unpack .../libsystemd0_249.11-0ubuntu3.9_amd64.deb ...
Unpacking libsystemd0:amd64 (249.11-0ubuntu3.9) over (249.11-0ubuntu3.7) ...
Setting up libsystemd0:amd64 (249.11-0ubuntu3.9) ...
(Reading database ... 74585 files and directories currently installed.)
Preparing to unpack .../0-systemd-timesyncd_249.11-0ubuntu3.9_amd64.deb ...
Unpacking systemd-timesyncd (249.11-0ubuntu3.9) over (249.11-0ubuntu3.7) ...
Preparing to unpack .../1-systemd-sysv_249.11-0ubuntu3.9_amd64.deb ...
Unpacking systemd-sysv (249.11-0ubuntu3.9) over (249.11-0ubuntu3.7) ...
Preparing to unpack .../2-libpam-systemd_249.11-0ubuntu3.9_amd64.deb ...
Unpacking libpam-systemd:amd64 (249.11-0ubuntu3.9) over (249.11-0ubuntu3.7) ...
Preparing to unpack .../3-libnss-systemd_249.11-0ubuntu3.9_amd64.deb ...
Unpacking libnss-systemd:amd64 (249.11-0ubuntu3.9) over (249.11-0ubuntu3.7) ...
Preparing to unpack .../4-systemd_249.11-0ubuntu3.9_amd64.deb ...
Unpacking systemd (249.11-0ubuntu3.9) over (249.11-0ubuntu3.7) ...
Preparing to unpack .../5-udev_249.11-0ubuntu3.9_amd64.deb ...
Unpacking udev (249.11-0ubuntu3.9) over (249.11-0ubuntu3.7) ...
Preparing to unpack .../6-libudev1_249.11-0ubuntu3.9_amd64.deb ...
Unpacking libudev1:amd64 (249.11-0ubuntu3.9) over (249.11-0ubuntu3.7) ...
Setting up libudev1:amd64 (249.11-0ubuntu3.9) ...
(Reading database ... 74585 files and directories currently installed.)
Preparing to unpack .../libxtables12_1.8.7-1ubuntu5.1_amd64.deb ...
Unpacking libxtables12:amd64 (1.8.7-1ubuntu5.1) over (1.8.7-1ubuntu5) ...
Preparing to unpack .../iptables_1.8.7-1ubuntu5.1_amd64.deb ...
Unpacking iptables (1.8.7-1ubuntu5.1) over (1.8.7-1ubuntu5) ...
Preparing to unpack .../libip6tc2_1.8.7-1ubuntu5.1_amd64.deb ...
Unpacking libip6tc2:amd64 (1.8.7-1ubuntu5.1) over (1.8.7-1ubuntu5) ...
Preparing to unpack .../libip4tc2_1.8.7-1ubuntu5.1_amd64.deb ...
Unpacking libip4tc2:amd64 (1.8.7-1ubuntu5.1) over (1.8.7-1ubuntu5) ...
Preparing to unpack .../libssl3_3.0.2-0ubuntu1.10_amd64.deb ...
Unpacking libssl3:amd64 (3.0.2-0ubuntu1.10) over (3.0.2-0ubuntu1.8) ...
Setting up libssl3:amd64 (3.0.2-0ubuntu1.10) ...
(Reading database ... 74585 files and directories currently installed.)
Preparing to unpack .../libapt-pkg6.0_2.4.9_amd64.deb ...
Unpacking libapt-pkg6.0:amd64 (2.4.9) over (2.4.8) ...
Setting up libapt-pkg6.0:amd64 (2.4.9) ...
(Reading database ... 74585 files and directories currently installed.)
Preparing to unpack .../dpkg_1.21.1ubuntu2.2_amd64.deb ...
Unpacking dpkg (1.21.1ubuntu2.2) over (1.21.1ubuntu2.1) ...
Setting up dpkg (1.21.1ubuntu2.2) ...
dpkg-db-backup.service is a disabled or a static unit not running, not starting it.
(Reading database ... 74585 files and directories currently installed.)
Preparing to unpack .../ncurses-bin_6.3-2ubuntu0.1_amd64.deb ...
Unpacking ncurses-bin (6.3-2ubuntu0.1) over (6.3-2) ...
Setting up ncurses-bin (6.3-2ubuntu0.1) ...
(Reading database ... 74585 files and directories currently installed.)
Preparing to unpack .../libperl5.34_5.34.0-3ubuntu1.2_amd64.deb ...
Unpacking libperl5.34:amd64 (5.34.0-3ubuntu1.2) over (5.34.0-3ubuntu1.1) ...
Preparing to unpack .../perl_5.34.0-3ubuntu1.2_amd64.deb ...
Unpacking perl (5.34.0-3ubuntu1.2) over (5.34.0-3ubuntu1.1) ...
Preparing to unpack .../perl-base_5.34.0-3ubuntu1.2_amd64.deb ...
Unpacking perl-base (5.34.0-3ubuntu1.2) over (5.34.0-3ubuntu1.1) ...
Setting up perl-base (5.34.0-3ubuntu1.2) ...
(Reading database ... 74585 files and directories currently installed.)
Preparing to unpack .../perl-modules-5.34_5.34.0-3ubuntu1.2_all.deb ...
Unpacking perl-modules-5.34 (5.34.0-3ubuntu1.2) over (5.34.0-3ubuntu1.1) ...
Preparing to unpack .../ncurses-base_6.3-2ubuntu0.1_all.deb ...
Unpacking ncurses-base (6.3-2ubuntu0.1) over (6.3-2) ...
Setting up ncurses-base (6.3-2ubuntu0.1) ...
(Reading database ... 74585 files and directories currently installed.)
Preparing to unpack .../archives/apt_2.4.9_amd64.deb ...
Unpacking apt (2.4.9) over (2.4.8) ...
Setting up apt (2.4.9) ...
(Reading database ... 74585 files and directories currently installed.)
Preparing to unpack .../0-apt-utils_2.4.9_amd64.deb ...
Unpacking apt-utils (2.4.9) over (2.4.8) ...
Preparing to unpack .../1-libpython3.10_3.10.6-1~22.04.2ubuntu1.1_amd64.deb ...
Unpacking libpython3.10:amd64 (3.10.6-1~22.04.2ubuntu1.1) over (3.10.6-1~22.04.2ubuntu1) ...
Preparing to unpack .../2-python3.10_3.10.6-1~22.04.2ubuntu1.1_amd64.deb ...
Unpacking python3.10 (3.10.6-1~22.04.2ubuntu1.1) over (3.10.6-1~22.04.2ubuntu1) ...
Preparing to unpack .../3-libpython3.10-stdlib_3.10.6-1~22.04.2ubuntu1.1_amd64.deb ...
Unpacking libpython3.10-stdlib:amd64 (3.10.6-1~22.04.2ubuntu1.1) over (3.10.6-1~22.04.2ubuntu1) ...
Preparing to unpack .../4-python3.10-minimal_3.10.6-1~22.04.2ubuntu1.1_amd64.deb ...
Unpacking python3.10-minimal (3.10.6-1~22.04.2ubuntu1.1) over (3.10.6-1~22.04.2ubuntu1) ...
Preparing to unpack .../5-libpython3.10-minimal_3.10.6-1~22.04.2ubuntu1.1_amd64.deb ...
Unpacking libpython3.10-minimal:amd64 (3.10.6-1~22.04.2ubuntu1.1) over (3.10.6-1~22.04.2ubuntu1) ...
Preparing to unpack .../6-libncurses6_6.3-2ubuntu0.1_amd64.deb ...
Unpacking libncurses6:amd64 (6.3-2ubuntu0.1) over (6.3-2) ...
Preparing to unpack .../7-libncursesw6_6.3-2ubuntu0.1_amd64.deb ...
Unpacking libncursesw6:amd64 (6.3-2ubuntu0.1) over (6.3-2) ...
Preparing to unpack .../8-libtinfo6_6.3-2ubuntu0.1_amd64.deb ...
Unpacking libtinfo6:amd64 (6.3-2ubuntu0.1) over (6.3-2) ...
Setting up libtinfo6:amd64 (6.3-2ubuntu0.1) ...
(Reading database ... 74585 files and directories currently installed.)
Preparing to unpack .../0-libglib2.0-data_2.72.4-0ubuntu2_all.deb ...
Unpacking libglib2.0-data (2.72.4-0ubuntu2) over (2.72.4-0ubuntu1) ...
Preparing to unpack .../1-libglib2.0-bin_2.72.4-0ubuntu2_amd64.deb ...
Unpacking libglib2.0-bin (2.72.4-0ubuntu2) over (2.72.4-0ubuntu1) ...
Preparing to unpack .../2-libglib2.0-0_2.72.4-0ubuntu2_amd64.deb ...
Unpacking libglib2.0-0:amd64 (2.72.4-0ubuntu2) over (2.72.4-0ubuntu1) ...
Preparing to unpack .../3-libxml2_2.9.13+dfsg-1ubuntu0.3_amd64.deb ...
Unpacking libxml2:amd64 (2.9.13+dfsg-1ubuntu0.3) over (2.9.13+dfsg-1ubuntu0.2) ...
Preparing to unpack .../4-open-vm-tools_2%3a12.1.5-3~ubuntu0.22.04.1_amd64.deb ...
Unpacking open-vm-tools (2:12.1.5-3~ubuntu0.22.04.1) over (2:12.1.0-1~ubuntu0.22.04.1) ...
Preparing to unpack .../5-libk5crypto3_1.19.2-2ubuntu0.2_amd64.deb ...
Unpacking libk5crypto3:amd64 (1.19.2-2ubuntu0.2) over (1.19.2-2ubuntu0.1) ...
Setting up libk5crypto3:amd64 (1.19.2-2ubuntu0.2) ...
(Reading database ... 74587 files and directories currently installed.)
Preparing to unpack .../libkrb5support0_1.19.2-2ubuntu0.2_amd64.deb ...
Unpacking libkrb5support0:amd64 (1.19.2-2ubuntu0.2) over (1.19.2-2ubuntu0.1) ...
Setting up libkrb5support0:amd64 (1.19.2-2ubuntu0.2) ...
(Reading database ... 74587 files and directories currently installed.)
Preparing to unpack .../libkrb5-3_1.19.2-2ubuntu0.2_amd64.deb ...
Unpacking libkrb5-3:amd64 (1.19.2-2ubuntu0.2) over (1.19.2-2ubuntu0.1) ...
Setting up libkrb5-3:amd64 (1.19.2-2ubuntu0.2) ...
(Reading database ... 74587 files and directories currently installed.)
Preparing to unpack .../libgssapi-krb5-2_1.19.2-2ubuntu0.2_amd64.deb ...
Unpacking libgssapi-krb5-2:amd64 (1.19.2-2ubuntu0.2) over (1.19.2-2ubuntu0.1) ...
Setting up libgssapi-krb5-2:amd64 (1.19.2-2ubuntu0.2) ...
(Reading database ... 74587 files and directories currently installed.)
Preparing to unpack .../00-openssl_3.0.2-0ubuntu1.10_amd64.deb ...
Unpacking openssl (3.0.2-0ubuntu1.10) over (3.0.2-0ubuntu1.8) ...
Preparing to unpack .../01-ca-certificates_20230311ubuntu0.22.04.1_all.deb ...
Unpacking ca-certificates (20230311ubuntu0.22.04.1) over (20211016ubuntu0.22.04.1) ...
Preparing to unpack .../02-distro-info-data_0.52ubuntu0.4_all.deb ...
Unpacking distro-info-data (0.52ubuntu0.4) over (0.52ubuntu0.2) ...
Preparing to unpack .../03-sudo_1.9.9-1ubuntu2.4_amd64.deb ...
Unpacking sudo (1.9.9-1ubuntu2.4) over (1.9.9-1ubuntu2.3) ...
Preparing to unpack .../04-tzdata_2023c-0ubuntu0.22.04.2_all.deb ...
Unpacking tzdata (2023c-0ubuntu0.22.04.2) over (2022g-0ubuntu0.22.04.1) ...
Preparing to unpack .../05-ubuntu-advantage-tools_27.14.4~22.04_amd64.deb ...
Unpacking ubuntu-advantage-tools (27.14.4~22.04) over (27.13.6~22.04.1) ...
Preparing to unpack .../06-vim_2%3a8.2.3995-1ubuntu2.7_amd64.deb ...
Unpacking vim (2:8.2.3995-1ubuntu2.7) over (2:8.2.3995-1ubuntu2.4) ...
Preparing to unpack .../07-vim-tiny_2%3a8.2.3995-1ubuntu2.7_amd64.deb ...
Unpacking vim-tiny (2:8.2.3995-1ubuntu2.7) over (2:8.2.3995-1ubuntu2.4) ...
Preparing to unpack .../08-vim-runtime_2%3a8.2.3995-1ubuntu2.7_all.deb ...
Unpacking vim-runtime (2:8.2.3995-1ubuntu2.7) over (2:8.2.3995-1ubuntu2.4) ...
Preparing to unpack .../09-xxd_2%3a8.2.3995-1ubuntu2.7_amd64.deb ...
Unpacking xxd (2:8.2.3995-1ubuntu2.7) over (2:8.2.3995-1ubuntu2.4) ...
Preparing to unpack .../10-vim-common_2%3a8.2.3995-1ubuntu2.7_all.deb ...
Unpacking vim-common (2:8.2.3995-1ubuntu2.7) over (2:8.2.3995-1ubuntu2.4) ...
Preparing to unpack .../11-bind9-host_1%3a9.18.12-0ubuntu0.22.04.1_amd64.deb ...
Unpacking bind9-host (1:9.18.12-0ubuntu0.22.04.1) over (1:9.18.1-1ubuntu1.3) ...
Preparing to unpack .../12-bind9-dnsutils_1%3a9.18.12-0ubuntu0.22.04.1_amd64.deb ...
Unpacking bind9-dnsutils (1:9.18.12-0ubuntu0.22.04.1) over (1:9.18.1-1ubuntu1.3) ...
Preparing to unpack .../13-bind9-libs_1%3a9.18.12-0ubuntu0.22.04.1_amd64.deb ...
Unpacking bind9-libs:amd64 (1:9.18.12-0ubuntu0.22.04.1) over (1:9.18.1-1ubuntu1.3) ...
Preparing to unpack .../14-python3-problem-report_2.20.11-0ubuntu82.5_all.deb ...
Unpacking python3-problem-report (2.20.11-0ubuntu82.5) over (2.20.11-0ubuntu82.3) ...
Preparing to unpack .../15-python3-apport_2.20.11-0ubuntu82.5_all.deb ...
Unpacking python3-apport (2.20.11-0ubuntu82.5) over (2.20.11-0ubuntu82.3) ...
Preparing to unpack .../16-apport_2.20.11-0ubuntu82.5_all.deb ...
Unpacking apport (2.20.11-0ubuntu82.5) over (2.20.11-0ubuntu82.3) ...
Preparing to unpack .../17-libctf0_2.38-4ubuntu2.2_amd64.deb ...
Unpacking libctf0:amd64 (2.38-4ubuntu2.2) over (2.38-4ubuntu2.1) ...
Preparing to unpack .../18-libctf-nobfd0_2.38-4ubuntu2.2_amd64.deb ...
Unpacking libctf-nobfd0:amd64 (2.38-4ubuntu2.2) over (2.38-4ubuntu2.1) ...
Preparing to unpack .../19-binutils-x86-64-linux-gnu_2.38-4ubuntu2.2_amd64.deb ...
Unpacking binutils-x86-64-linux-gnu (2.38-4ubuntu2.2) over (2.38-4ubuntu2.1) ...
Preparing to unpack .../20-libbinutils_2.38-4ubuntu2.2_amd64.deb ...
Unpacking libbinutils:amd64 (2.38-4ubuntu2.2) over (2.38-4ubuntu2.1) ...
Preparing to unpack .../21-binutils_2.38-4ubuntu2.2_amd64.deb ...
Unpacking binutils (2.38-4ubuntu2.2) over (2.38-4ubuntu2.1) ...
Preparing to unpack .../22-binutils-common_2.38-4ubuntu2.2_amd64.deb ...
Unpacking binutils-common:amd64 (2.38-4ubuntu2.2) over (2.38-4ubuntu2.1) ...
Preparing to unpack .../23-git-man_1%3a2.34.1-1ubuntu1.9_all.deb ...
Unpacking git-man (1:2.34.1-1ubuntu1.9) over (1:2.34.1-1ubuntu1.8) ...
Preparing to unpack .../24-libfreetype6_2.11.1+dfsg-1ubuntu0.2_amd64.deb ...
Unpacking libfreetype6:amd64 (2.11.1+dfsg-1ubuntu0.2) over (2.11.1+dfsg-1ubuntu0.1) ...
Preparing to unpack .../25-libldap-2.5-0_2.5.14+dfsg-0ubuntu0.22.04.2_amd64.deb ...
Unpacking libldap-2.5-0:amd64 (2.5.14+dfsg-0ubuntu0.22.04.2) over (2.5.14+dfsg-0ubuntu0.22.04.1) ...
Preparing to unpack .../26-libldap-common_2.5.14+dfsg-0ubuntu0.22.04.2_all.deb ...
Unpacking libldap-common (2.5.14+dfsg-0ubuntu0.22.04.2) over (2.5.14+dfsg-0ubuntu0.22.04.1) ...
Preparing to unpack .../27-libssh-4_0.9.6-2ubuntu0.22.04.1_amd64.deb ...
Unpacking libssh-4:amd64 (0.9.6-2ubuntu0.22.04.1) over (0.9.6-2build1) ...
Preparing to unpack .../28-mdadm_4.2-0ubuntu2_amd64.deb ...
Unpacking mdadm (4.2-0ubuntu2) over (4.2-0ubuntu1) ...
Preparing to unpack .../29-ncurses-term_6.3-2ubuntu0.1_all.deb ...
Unpacking ncurses-term (6.3-2ubuntu0.1) over (6.3-2) ...
Preparing to unpack .../30-software-properties-common_0.99.22.7_all.deb ...
Unpacking software-properties-common (0.99.22.7) over (0.99.22.6) ...
Preparing to unpack .../31-python3-software-properties_0.99.22.7_all.deb ...
Unpacking python3-software-properties (0.99.22.7) over (0.99.22.6) ...
Preparing to unpack .../32-python3-tz_2022.1-1ubuntu0.22.04.1_all.deb ...
Unpacking python3-tz (2022.1-1ubuntu0.22.04.1) over (2022.1-1ubuntu0.22.04.0) ...
Preparing to unpack .../33-snapd_2.58+22.04.1_amd64.deb ...
Unpacking snapd (2.58+22.04.1) over (2.58+22.04) ...
Preparing to unpack .../34-cloud-init_23.1.2-0ubuntu0~22.04.1_all.deb ...
Unpacking cloud-init (23.1.2-0ubuntu0~22.04.1) over (23.1.1-0ubuntu0~22.04.1) ...
Setting up libip4tc2:amd64 (1.8.7-1ubuntu5.1) ...
Setting up cloud-init (23.1.2-0ubuntu0~22.04.1) ...
Setting up apt-utils (2.4.9) ...
Setting up python3-problem-report (2.20.11-0ubuntu82.5) ...
Setting up libip6tc2:amd64 (1.8.7-1ubuntu5.1) ...
Setting up libglib2.0-0:amd64 (2.72.4-0ubuntu2) ...
No schema files found: doing nothing.
Setting up distro-info-data (0.52ubuntu0.4) ...
Setting up binutils-common:amd64 (2.38-4ubuntu2.2) ...
Setting up libctf-nobfd0:amd64 (2.38-4ubuntu2.2) ...
Setting up systemd (249.11-0ubuntu3.9) ...
Setting up perl-modules-5.34 (5.34.0-3ubuntu1.2) ...
Setting up libldap-common (2.5.14+dfsg-0ubuntu0.22.04.2) ...
Setting up libldap-2.5-0:amd64 (2.5.14+dfsg-0ubuntu0.22.04.2) ...
Setting up xxd (2:8.2.3995-1ubuntu2.7) ...
Setting up python3-apport (2.20.11-0ubuntu82.5) ...
Setting up tzdata (2023c-0ubuntu0.22.04.2) ...

Current default time zone: 'Etc/UTC'
Local time is now:      Tue Jun  6 08:09:21 UTC 2023.
Universal Time is now:  Tue Jun  6 08:09:21 UTC 2023.
Run 'dpkg-reconfigure tzdata' if you wish to change it.

Setting up libglib2.0-data (2.72.4-0ubuntu2) ...
Setting up vim-common (2:8.2.3995-1ubuntu2.7) ...
Setting up libfreetype6:amd64 (2.11.1+dfsg-1ubuntu0.2) ...
Setting up python3-software-properties (0.99.22.7) ...
Setting up libncurses6:amd64 (6.3-2ubuntu0.1) ...
Setting up systemd-timesyncd (249.11-0ubuntu3.9) ...
Setting up udev (249.11-0ubuntu3.9) ...
Setting up libpython3.10-minimal:amd64 (3.10.6-1~22.04.2ubuntu1.1) ...
Setting up sudo (1.9.9-1ubuntu2.4) ...
Setting up libncursesw6:amd64 (6.3-2ubuntu0.1) ...
Setting up libxtables12:amd64 (1.8.7-1ubuntu5.1) ...
Setting up libssh-4:amd64 (0.9.6-2ubuntu0.22.04.1) ...
Setting up git-man (1:2.34.1-1ubuntu1.9) ...
Setting up ubuntu-advantage-tools (27.14.4~22.04) ...
Installing new version of config file /etc/apt/apt.conf.d/20apt-esm-hook.conf ...
Installing new version of config file /etc/ubuntu-advantage/uaclient.conf ...
Installing new version of config file /etc/update-motd.d/91-contract-ua-esm-status ...
Removing obsolete conffile /etc/update-motd.d/88-esm-announce ...
Setting up libbinutils:amd64 (2.38-4ubuntu2.2) ...
Setting up vim-runtime (2:8.2.3995-1ubuntu2.7) ...
Setting up openssl (3.0.2-0ubuntu1.10) ...
Setting up libxml2:amd64 (2.9.13+dfsg-1ubuntu0.3) ...
Setting up mdadm (4.2-0ubuntu2) ...
update-initramfs: deferring update (trigger activated)
Sourcing file `/etc/default/grub'
Sourcing file `/etc/default/grub.d/50-curtin-settings.cfg'
Sourcing file `/etc/default/grub.d/init-select.cfg'
Generating grub configuration file ...
Found linux image: /boot/vmlinuz-5.15.0-73-generic
Found initrd image: /boot/initrd.img-5.15.0-73-generic
Warning: os-prober will not be executed to detect other bootable partitions.
Systems on them will not be added to the GRUB boot configuration.
Check GRUB_DISABLE_OS_PROBER documentation entry.
done
Setting up ncurses-term (6.3-2ubuntu0.1) ...
Setting up libctf0:amd64 (2.38-4ubuntu2.2) ...
Setting up systemd-sysv (249.11-0ubuntu3.9) ...
Setting up libperl5.34:amd64 (5.34.0-3ubuntu1.2) ...
Setting up bind9-libs:amd64 (1:9.18.12-0ubuntu0.22.04.1) ...
Setting up iptables (1.8.7-1ubuntu5.1) ...
Setting up libglib2.0-bin (2.72.4-0ubuntu2) ...
Setting up libnss-systemd:amd64 (249.11-0ubuntu3.9) ...
Setting up vim-tiny (2:8.2.3995-1ubuntu2.7) ...
Setting up python3.10-minimal (3.10.6-1~22.04.2ubuntu1.1) ...
Setting up apport (2.20.11-0ubuntu82.5) ...
apport-autoreport.service is a disabled or a static unit, not starting it.
Setting up python3-tz (2022.1-1ubuntu0.22.04.1) ...
Setting up libpython3.10-stdlib:amd64 (3.10.6-1~22.04.2ubuntu1.1) ...
Setting up ca-certificates (20230311ubuntu0.22.04.1) ...
Updating certificates in /etc/ssl/certs...
rehash: warning: skipping ca-certificates.crt,it does not contain exactly one certificate or CRL
19 added, 6 removed; done.
Setting up perl (5.34.0-3ubuntu1.2) ...
Setting up open-vm-tools (2:12.1.5-3~ubuntu0.22.04.1) ...
Installing new version of config file /etc/vmware-tools/tools.conf.example ...
Setting up libpam-systemd:amd64 (249.11-0ubuntu3.9) ...
Setting up bind9-host (1:9.18.12-0ubuntu0.22.04.1) ...
Setting up binutils-x86-64-linux-gnu (2.38-4ubuntu2.2) ...
Setting up snapd (2.58+22.04.1) ...
snapd.failure.service is a disabled or a static unit not running, not starting it.
snapd.snap-repair.service is a disabled or a static unit not running, not starting it.
Failed to restart snapd.mounts-pre.target: Operation refused, unit snapd.mounts-pre.target may be requested by dependency only (it is configured to refuse manual start/stop).
See system logs and 'systemctl status snapd.mounts-pre.target' for details.
Could not execute systemctl:  at /usr/bin/deb-systemd-invoke line 142.
Setting up libpython3.10:amd64 (3.10.6-1~22.04.2ubuntu1.1) ...
Setting up vim (2:8.2.3995-1ubuntu2.7) ...
Setting up python3.10 (3.10.6-1~22.04.2ubuntu1.1) ...
Setting up binutils (2.38-4ubuntu2.2) ...
Setting up software-properties-common (0.99.22.7) ...
Setting up bind9-dnsutils (1:9.18.12-0ubuntu0.22.04.1) ...
Processing triggers for libc-bin (2.35-0ubuntu3.1) ...
Processing triggers for rsyslog (8.2112.0-2ubuntu2.2) ...
Processing triggers for man-db (2.10.2-1) ...
Processing triggers for dbus (1.12.20-2ubuntu4.1) ...
Processing triggers for initramfs-tools (0.140ubuntu13.1) ...
update-initramfs: Generating /boot/initrd.img-5.15.0-73-generic
Processing triggers for ca-certificates (20230311ubuntu0.22.04.1) ...
Updating certificates in /etc/ssl/certs...
0 added, 0 removed; done.
Running hooks in /etc/ca-certificates/update.d...
done.

Running kernel seems to be up-to-date.

Services to be restarted:
 systemctl restart cloud-final.service
 systemctl restart irqbalance.service
 systemctl restart multipathd.service
 systemctl restart packagekit.service
 systemctl restart polkit.service
 systemctl restart ssh.service

Service restarts being deferred:
 /etc/needrestart/restart.d/dbus.service
 systemctl restart networkd-dispatcher.service
 systemctl restart systemd-logind.service
 systemctl restart unattended-upgrades.service

No containers need to be restarted.

No user sessions are running outdated binaries.

No VM guests are running outdated hypervisor (qemu) binaries on this host.

WARNING: apt does not have a stable CLI interface. Use with caution in scripts.

Reading package lists...
Building dependency tree...
Reading state information...
The following additional packages will be installed:
  libpython2-stdlib libpython2.7-minimal libpython2.7-stdlib
  python-pkg-resources python2 python2-minimal python2.7 python2.7-minimal
Suggested packages:
  python-setuptools-doc python2-doc python-tk python2.7-doc binfmt-support
The following NEW packages will be installed:
  libpython2-stdlib libpython2.7-minimal libpython2.7-stdlib
  python-pkg-resources python-setuptools python2 python2-minimal python2.7
  python2.7-minimal
0 upgraded, 9 newly installed, 0 to remove and 0 not upgraded.
Need to get 4467 kB of archives.
After this operation, 18.3 MB of additional disk space will be used.
Get:1 http://archive.ubuntu.com/ubuntu jammy-updates/universe amd64 libpython2.7-minimal amd64 2.7.18-13ubuntu1.1 [347 kB]
Get:2 http://archive.ubuntu.com/ubuntu jammy-updates/universe amd64 python2.7-minimal amd64 2.7.18-13ubuntu1.1 [1394 kB]
Get:3 http://archive.ubuntu.com/ubuntu jammy/universe amd64 python2-minimal amd64 2.7.18-3 [20.8 kB]
Get:4 http://archive.ubuntu.com/ubuntu jammy-updates/universe amd64 libpython2.7-stdlib amd64 2.7.18-13ubuntu1.1 [1977 kB]
Get:5 http://archive.ubuntu.com/ubuntu jammy-updates/universe amd64 python2.7 amd64 2.7.18-13ubuntu1.1 [250 kB]
Get:6 http://archive.ubuntu.com/ubuntu jammy/universe amd64 libpython2-stdlib amd64 2.7.18-3 [7432 B]
Get:7 http://archive.ubuntu.com/ubuntu jammy/universe amd64 python2 amd64 2.7.18-3 [9098 B]
Get:8 http://archive.ubuntu.com/ubuntu jammy-updates/universe amd64 python-pkg-resources all 44.1.1-1.2ubuntu0.22.04.1 [128 kB]
Get:9 http://archive.ubuntu.com/ubuntu jammy-updates/universe amd64 python-setuptools all 44.1.1-1.2ubuntu0.22.04.1 [334 kB]
dpkg-preconfigure: unable to re-open stdin: No such file or directory
Fetched 4467 kB in 1s (8637 kB/s)
Selecting previously unselected package libpython2.7-minimal:amd64.
(Reading database ... 74611 files and directories currently installed.)
Preparing to unpack .../0-libpython2.7-minimal_2.7.18-13ubuntu1.1_amd64.deb ...
Unpacking libpython2.7-minimal:amd64 (2.7.18-13ubuntu1.1) ...
Selecting previously unselected package python2.7-minimal.
Preparing to unpack .../1-python2.7-minimal_2.7.18-13ubuntu1.1_amd64.deb ...
Unpacking python2.7-minimal (2.7.18-13ubuntu1.1) ...
Selecting previously unselected package python2-minimal.
Preparing to unpack .../2-python2-minimal_2.7.18-3_amd64.deb ...
Unpacking python2-minimal (2.7.18-3) ...
Selecting previously unselected package libpython2.7-stdlib:amd64.
Preparing to unpack .../3-libpython2.7-stdlib_2.7.18-13ubuntu1.1_amd64.deb ...
Unpacking libpython2.7-stdlib:amd64 (2.7.18-13ubuntu1.1) ...
Selecting previously unselected package python2.7.
Preparing to unpack .../4-python2.7_2.7.18-13ubuntu1.1_amd64.deb ...
Unpacking python2.7 (2.7.18-13ubuntu1.1) ...
Selecting previously unselected package libpython2-stdlib:amd64.
Preparing to unpack .../5-libpython2-stdlib_2.7.18-3_amd64.deb ...
Unpacking libpython2-stdlib:amd64 (2.7.18-3) ...
Setting up libpython2.7-minimal:amd64 (2.7.18-13ubuntu1.1) ...
Setting up python2.7-minimal (2.7.18-13ubuntu1.1) ...
Linking and byte-compiling packages for runtime python2.7...
Setting up python2-minimal (2.7.18-3) ...
Selecting previously unselected package python2.
(Reading database ... 75354 files and directories currently installed.)
Preparing to unpack .../python2_2.7.18-3_amd64.deb ...
Unpacking python2 (2.7.18-3) ...
Selecting previously unselected package python-pkg-resources.
Preparing to unpack .../python-pkg-resources_44.1.1-1.2ubuntu0.22.04.1_all.deb ...
Unpacking python-pkg-resources (44.1.1-1.2ubuntu0.22.04.1) ...
Selecting previously unselected package python-setuptools.
Preparing to unpack .../python-setuptools_44.1.1-1.2ubuntu0.22.04.1_all.deb ...
Unpacking python-setuptools (44.1.1-1.2ubuntu0.22.04.1) ...
Setting up libpython2.7-stdlib:amd64 (2.7.18-13ubuntu1.1) ...
Setting up python2.7 (2.7.18-13ubuntu1.1) ...
Setting up libpython2-stdlib:amd64 (2.7.18-3) ...
Setting up python2 (2.7.18-3) ...
Setting up python-pkg-resources (44.1.1-1.2ubuntu0.22.04.1) ...
Setting up python-setuptools (44.1.1-1.2ubuntu0.22.04.1) ...
Processing triggers for man-db (2.10.2-1) ...

Running kernel seems to be up-to-date.

Services to be restarted:
 systemctl restart cloud-final.service
 systemctl restart irqbalance.service
 systemctl restart multipathd.service
 systemctl restart packagekit.service
 systemctl restart polkit.service
 systemctl restart ssh.service

Service restarts being deferred:
 /etc/needrestart/restart.d/dbus.service
 systemctl restart networkd-dispatcher.service
 systemctl restart systemd-logind.service
 systemctl restart unattended-upgrades.service

No containers need to be restarted.

No user sessions are running outdated binaries.

No VM guests are running outdated hypervisor (qemu) binaries on this host.

WARNING: apt does not have a stable CLI interface. Use with caution in scripts.

Reading package lists...
Building dependency tree...
Reading state information...
The following additional packages will be installed:
  build-essential bzip2 cpp cpp-11 dpkg-dev fakeroot fontconfig-config
  fonts-dejavu-core g++ g++-11 gcc gcc-11 gcc-11-base javascript-common
  libalgorithm-diff-perl libalgorithm-diff-xs-perl libalgorithm-merge-perl
  libasan6 libatomic1 libc-dev-bin libc-devtools libc6-dev libcc1-0
  libcrypt-dev libdeflate0 libdpkg-perl libexpat1-dev libfakeroot
  libfile-fcntllock-perl libfontconfig1 libgcc-11-dev libgd3 libgomp1 libisl23
  libitm1 libjbig0 libjpeg-turbo8 libjpeg8 libjs-jquery libjs-sphinxdoc
  libjs-underscore liblsan0 libmpc3 libnsl-dev libpython3-dev
  libpython3.10-dev libquadmath0 libstdc++-11-dev libtiff5 libtirpc-dev
  libtsan0 libubsan1 libwebp7 libxpm4 linux-libc-dev lto-disabled-list make
  manpages-dev python3-dev python3-wheel python3.10-dev rpcsvc-proto
  zlib1g-dev
Suggested packages:
  bzip2-doc cpp-doc gcc-11-locales debian-keyring g++-multilib g++-11-multilib
  gcc-11-doc gcc-multilib autoconf automake libtool flex bison gdb gcc-doc
  gcc-11-multilib apache2 | lighttpd | httpd glibc-doc bzr libgd-tools
  libstdc++-11-doc make-doc
The following NEW packages will be installed:
  build-essential bzip2 cpp cpp-11 dpkg-dev fakeroot fontconfig-config
  fonts-dejavu-core g++ g++-11 gcc gcc-11 gcc-11-base javascript-common
  libalgorithm-diff-perl libalgorithm-diff-xs-perl libalgorithm-merge-perl
  libasan6 libatomic1 libc-dev-bin libc-devtools libc6-dev libcc1-0
  libcrypt-dev libdeflate0 libdpkg-perl libexpat1-dev libfakeroot
  libfile-fcntllock-perl libfontconfig1 libgcc-11-dev libgd3 libgomp1 libisl23
  libitm1 libjbig0 libjpeg-turbo8 libjpeg8 libjs-jquery libjs-sphinxdoc
  libjs-underscore liblsan0 libmpc3 libnsl-dev libpython3-dev
  libpython3.10-dev libquadmath0 libstdc++-11-dev libtiff5 libtirpc-dev
  libtsan0 libubsan1 libwebp7 libxpm4 linux-libc-dev lto-disabled-list make
  manpages-dev python3-dev python3-pip python3-wheel python3.10-dev
  rpcsvc-proto zlib1g-dev
0 upgraded, 64 newly installed, 0 to remove and 0 not upgraded.
Need to get 71.2 MB of archives.
After this operation, 239 MB of additional disk space will be used.
Get:1 http://archive.ubuntu.com/ubuntu jammy-updates/main amd64 libc-dev-bin amd64 2.35-0ubuntu3.1 [20.4 kB]
Get:2 http://archive.ubuntu.com/ubuntu jammy-updates/main amd64 linux-libc-dev amd64 5.15.0-73.80 [1310 kB]
Get:3 http://archive.ubuntu.com/ubuntu jammy/main amd64 libcrypt-dev amd64 1:4.4.27-1 [112 kB]
Get:4 http://archive.ubuntu.com/ubuntu jammy/main amd64 rpcsvc-proto amd64 1.4.2-0ubuntu6 [68.5 kB]
Get:5 http://archive.ubuntu.com/ubuntu jammy-updates/main amd64 libtirpc-dev amd64 1.3.2-2ubuntu0.1 [192 kB]
Get:6 http://archive.ubuntu.com/ubuntu jammy/main amd64 libnsl-dev amd64 1.3.0-2build2 [71.3 kB]
Get:7 http://archive.ubuntu.com/ubuntu jammy-updates/main amd64 libc6-dev amd64 2.35-0ubuntu3.1 [2099 kB]
Get:8 http://archive.ubuntu.com/ubuntu jammy-updates/main amd64 gcc-11-base amd64 11.3.0-1ubuntu1~22.04.1 [20.9 kB]
Get:9 http://archive.ubuntu.com/ubuntu jammy/main amd64 libisl23 amd64 0.24-2build1 [727 kB]
Get:10 http://archive.ubuntu.com/ubuntu jammy/main amd64 libmpc3 amd64 1.2.1-2build1 [46.9 kB]
Get:11 http://archive.ubuntu.com/ubuntu jammy-updates/main amd64 cpp-11 amd64 11.3.0-1ubuntu1~22.04.1 [9968 kB]
Get:12 http://archive.ubuntu.com/ubuntu jammy/main amd64 cpp amd64 4:11.2.0-1ubuntu1 [27.7 kB]
Get:13 http://archive.ubuntu.com/ubuntu jammy-updates/main amd64 libcc1-0 amd64 12.1.0-2ubuntu1~22.04 [47.4 kB]
Get:14 http://archive.ubuntu.com/ubuntu jammy-updates/main amd64 libgomp1 amd64 12.1.0-2ubuntu1~22.04 [126 kB]
Get:15 http://archive.ubuntu.com/ubuntu jammy-updates/main amd64 libitm1 amd64 12.1.0-2ubuntu1~22.04 [30.2 kB]
Get:16 http://archive.ubuntu.com/ubuntu jammy-updates/main amd64 libatomic1 amd64 12.1.0-2ubuntu1~22.04 [10.4 kB]
Get:17 http://archive.ubuntu.com/ubuntu jammy-updates/main amd64 libasan6 amd64 11.3.0-1ubuntu1~22.04.1 [2284 kB]
Get:18 http://archive.ubuntu.com/ubuntu jammy-updates/main amd64 liblsan0 amd64 12.1.0-2ubuntu1~22.04 [1069 kB]
Get:19 http://archive.ubuntu.com/ubuntu jammy-updates/main amd64 libtsan0 amd64 11.3.0-1ubuntu1~22.04.1 [2260 kB]
Get:20 http://archive.ubuntu.com/ubuntu jammy-updates/main amd64 libubsan1 amd64 12.1.0-2ubuntu1~22.04 [976 kB]
Get:21 http://archive.ubuntu.com/ubuntu jammy-updates/main amd64 libquadmath0 amd64 12.1.0-2ubuntu1~22.04 [154 kB]
Get:22 http://archive.ubuntu.com/ubuntu jammy-updates/main amd64 libgcc-11-dev amd64 11.3.0-1ubuntu1~22.04.1 [2516 kB]
Get:23 http://archive.ubuntu.com/ubuntu jammy-updates/main amd64 gcc-11 amd64 11.3.0-1ubuntu1~22.04.1 [20.1 MB]
Get:24 http://archive.ubuntu.com/ubuntu jammy/main amd64 gcc amd64 4:11.2.0-1ubuntu1 [5112 B]
Get:25 http://archive.ubuntu.com/ubuntu jammy-updates/main amd64 libstdc++-11-dev amd64 11.3.0-1ubuntu1~22.04.1 [2087 kB]
Get:26 http://archive.ubuntu.com/ubuntu jammy-updates/main amd64 g++-11 amd64 11.3.0-1ubuntu1~22.04.1 [11.4 MB]
Get:27 http://archive.ubuntu.com/ubuntu jammy/main amd64 g++ amd64 4:11.2.0-1ubuntu1 [1412 B]
Get:28 http://archive.ubuntu.com/ubuntu jammy/main amd64 make amd64 4.3-4.1build1 [180 kB]
Get:29 http://archive.ubuntu.com/ubuntu jammy-updates/main amd64 libdpkg-perl all 1.21.1ubuntu2.2 [237 kB]
Get:30 http://archive.ubuntu.com/ubuntu jammy/main amd64 bzip2 amd64 1.0.8-5build1 [34.8 kB]
Get:31 http://archive.ubuntu.com/ubuntu jammy/main amd64 lto-disabled-list all 24 [12.5 kB]
Get:32 http://archive.ubuntu.com/ubuntu jammy-updates/main amd64 dpkg-dev all 1.21.1ubuntu2.2 [922 kB]
Get:33 http://archive.ubuntu.com/ubuntu jammy/main amd64 build-essential amd64 12.9ubuntu3 [4744 B]
Get:34 http://archive.ubuntu.com/ubuntu jammy/main amd64 libfakeroot amd64 1.28-1ubuntu1 [31.5 kB]
Get:35 http://archive.ubuntu.com/ubuntu jammy/main amd64 fakeroot amd64 1.28-1ubuntu1 [60.4 kB]
Get:36 http://archive.ubuntu.com/ubuntu jammy/main amd64 fonts-dejavu-core all 2.37-2build1 [1041 kB]
Get:37 http://archive.ubuntu.com/ubuntu jammy/main amd64 fontconfig-config all 2.13.1-4.2ubuntu5 [29.1 kB]
Get:38 http://archive.ubuntu.com/ubuntu jammy/main amd64 javascript-common all 11+nmu1 [5936 B]
Get:39 http://archive.ubuntu.com/ubuntu jammy/main amd64 libalgorithm-diff-perl all 1.201-1 [41.8 kB]
Get:40 http://archive.ubuntu.com/ubuntu jammy/main amd64 libalgorithm-diff-xs-perl amd64 0.04-6build3 [11.9 kB]
Get:41 http://archive.ubuntu.com/ubuntu jammy/main amd64 libalgorithm-merge-perl all 0.08-3 [12.0 kB]
Get:42 http://archive.ubuntu.com/ubuntu jammy/main amd64 libfontconfig1 amd64 2.13.1-4.2ubuntu5 [131 kB]
Get:43 http://archive.ubuntu.com/ubuntu jammy/main amd64 libjpeg-turbo8 amd64 2.1.2-0ubuntu1 [134 kB]
Get:44 http://archive.ubuntu.com/ubuntu jammy/main amd64 libjpeg8 amd64 8c-2ubuntu10 [2264 B]
Get:45 http://archive.ubuntu.com/ubuntu jammy/main amd64 libdeflate0 amd64 1.10-2 [70.9 kB]
Get:46 http://archive.ubuntu.com/ubuntu jammy-updates/main amd64 libjbig0 amd64 2.1-3.1ubuntu0.22.04.1 [29.2 kB]
Get:47 http://archive.ubuntu.com/ubuntu jammy-updates/main amd64 libwebp7 amd64 1.2.2-2ubuntu0.22.04.1 [206 kB]
Get:48 http://archive.ubuntu.com/ubuntu jammy-updates/main amd64 libtiff5 amd64 4.3.0-6ubuntu0.4 [183 kB]
Get:49 http://archive.ubuntu.com/ubuntu jammy-updates/main amd64 libxpm4 amd64 1:3.5.12-1ubuntu0.22.04.1 [36.4 kB]
Get:50 http://archive.ubuntu.com/ubuntu jammy/main amd64 libgd3 amd64 2.3.0-2ubuntu2 [129 kB]
Get:51 http://archive.ubuntu.com/ubuntu jammy-updates/main amd64 libc-devtools amd64 2.35-0ubuntu3.1 [28.9 kB]
Get:52 http://archive.ubuntu.com/ubuntu jammy-updates/main amd64 libexpat1-dev amd64 2.4.7-1ubuntu0.2 [147 kB]
Get:53 http://archive.ubuntu.com/ubuntu jammy/main amd64 libfile-fcntllock-perl amd64 0.22-3build7 [33.9 kB]
Get:54 http://archive.ubuntu.com/ubuntu jammy/main amd64 libjs-jquery all 3.6.0+dfsg+~3.5.13-1 [321 kB]
Get:55 http://archive.ubuntu.com/ubuntu jammy/main amd64 libjs-underscore all 1.13.2~dfsg-2 [118 kB]
Get:56 http://archive.ubuntu.com/ubuntu jammy/main amd64 libjs-sphinxdoc all 4.3.2-1 [139 kB]
Get:57 http://archive.ubuntu.com/ubuntu jammy-updates/main amd64 zlib1g-dev amd64 1:1.2.11.dfsg-2ubuntu9.2 [164 kB]
Get:58 http://archive.ubuntu.com/ubuntu jammy-updates/main amd64 libpython3.10-dev amd64 3.10.6-1~22.04.2ubuntu1.1 [4754 kB]
Get:59 http://archive.ubuntu.com/ubuntu jammy-updates/main amd64 libpython3-dev amd64 3.10.6-1~22.04 [7166 B]
Get:60 http://archive.ubuntu.com/ubuntu jammy/main amd64 manpages-dev all 5.10-1ubuntu1 [2309 kB]
Get:61 http://archive.ubuntu.com/ubuntu jammy-updates/main amd64 python3.10-dev amd64 3.10.6-1~22.04.2ubuntu1.1 [507 kB]
Get:62 http://archive.ubuntu.com/ubuntu jammy-updates/main amd64 python3-dev amd64 3.10.6-1~22.04 [26.0 kB]
Get:63 http://archive.ubuntu.com/ubuntu jammy-updates/universe amd64 python3-wheel all 0.37.1-2ubuntu0.22.04.1 [32.0 kB]
Get:64 http://archive.ubuntu.com/ubuntu jammy-updates/universe amd64 python3-pip all 22.0.2+dfsg-1ubuntu0.2 [1305 kB]
dpkg-preconfigure: unable to re-open stdin: No such file or directory
Fetched 71.2 MB in 5s (15.4 MB/s)
Selecting previously unselected package libc-dev-bin.
(Reading database ... 75500 files and directories currently installed.)
Preparing to unpack .../00-libc-dev-bin_2.35-0ubuntu3.1_amd64.deb ...
Unpacking libc-dev-bin (2.35-0ubuntu3.1) ...
Selecting previously unselected package linux-libc-dev:amd64.
Preparing to unpack .../01-linux-libc-dev_5.15.0-73.80_amd64.deb ...
Unpacking linux-libc-dev:amd64 (5.15.0-73.80) ...
Selecting previously unselected package libcrypt-dev:amd64.
Preparing to unpack .../02-libcrypt-dev_1%3a4.4.27-1_amd64.deb ...
Unpacking libcrypt-dev:amd64 (1:4.4.27-1) ...
Selecting previously unselected package rpcsvc-proto.
Preparing to unpack .../03-rpcsvc-proto_1.4.2-0ubuntu6_amd64.deb ...
Unpacking rpcsvc-proto (1.4.2-0ubuntu6) ...
Selecting previously unselected package libtirpc-dev:amd64.
Preparing to unpack .../04-libtirpc-dev_1.3.2-2ubuntu0.1_amd64.deb ...
Unpacking libtirpc-dev:amd64 (1.3.2-2ubuntu0.1) ...
Selecting previously unselected package libnsl-dev:amd64.
Preparing to unpack .../05-libnsl-dev_1.3.0-2build2_amd64.deb ...
Unpacking libnsl-dev:amd64 (1.3.0-2build2) ...
Selecting previously unselected package libc6-dev:amd64.
Preparing to unpack .../06-libc6-dev_2.35-0ubuntu3.1_amd64.deb ...
Unpacking libc6-dev:amd64 (2.35-0ubuntu3.1) ...
Selecting previously unselected package gcc-11-base:amd64.
Preparing to unpack .../07-gcc-11-base_11.3.0-1ubuntu1~22.04.1_amd64.deb ...
Unpacking gcc-11-base:amd64 (11.3.0-1ubuntu1~22.04.1) ...
Selecting previously unselected package libisl23:amd64.
Preparing to unpack .../08-libisl23_0.24-2build1_amd64.deb ...
Unpacking libisl23:amd64 (0.24-2build1) ...
Selecting previously unselected package libmpc3:amd64.
Preparing to unpack .../09-libmpc3_1.2.1-2build1_amd64.deb ...
Unpacking libmpc3:amd64 (1.2.1-2build1) ...
Selecting previously unselected package cpp-11.
Preparing to unpack .../10-cpp-11_11.3.0-1ubuntu1~22.04.1_amd64.deb ...
Unpacking cpp-11 (11.3.0-1ubuntu1~22.04.1) ...
Selecting previously unselected package cpp.
Preparing to unpack .../11-cpp_4%3a11.2.0-1ubuntu1_amd64.deb ...
Unpacking cpp (4:11.2.0-1ubuntu1) ...
Selecting previously unselected package libcc1-0:amd64.
Preparing to unpack .../12-libcc1-0_12.1.0-2ubuntu1~22.04_amd64.deb ...
Unpacking libcc1-0:amd64 (12.1.0-2ubuntu1~22.04) ...
Selecting previously unselected package libgomp1:amd64.
Preparing to unpack .../13-libgomp1_12.1.0-2ubuntu1~22.04_amd64.deb ...
Unpacking libgomp1:amd64 (12.1.0-2ubuntu1~22.04) ...
Selecting previously unselected package libitm1:amd64.
Preparing to unpack .../14-libitm1_12.1.0-2ubuntu1~22.04_amd64.deb ...
Unpacking libitm1:amd64 (12.1.0-2ubuntu1~22.04) ...
Selecting previously unselected package libatomic1:amd64.
Preparing to unpack .../15-libatomic1_12.1.0-2ubuntu1~22.04_amd64.deb ...
Unpacking libatomic1:amd64 (12.1.0-2ubuntu1~22.04) ...
Selecting previously unselected package libasan6:amd64.
Preparing to unpack .../16-libasan6_11.3.0-1ubuntu1~22.04.1_amd64.deb ...
Unpacking libasan6:amd64 (11.3.0-1ubuntu1~22.04.1) ...
Selecting previously unselected package liblsan0:amd64.
Preparing to unpack .../17-liblsan0_12.1.0-2ubuntu1~22.04_amd64.deb ...
Unpacking liblsan0:amd64 (12.1.0-2ubuntu1~22.04) ...
Selecting previously unselected package libtsan0:amd64.
Preparing to unpack .../18-libtsan0_11.3.0-1ubuntu1~22.04.1_amd64.deb ...
Unpacking libtsan0:amd64 (11.3.0-1ubuntu1~22.04.1) ...
Selecting previously unselected package libubsan1:amd64.
Preparing to unpack .../19-libubsan1_12.1.0-2ubuntu1~22.04_amd64.deb ...
Unpacking libubsan1:amd64 (12.1.0-2ubuntu1~22.04) ...
Selecting previously unselected package libquadmath0:amd64.
Preparing to unpack .../20-libquadmath0_12.1.0-2ubuntu1~22.04_amd64.deb ...
Unpacking libquadmath0:amd64 (12.1.0-2ubuntu1~22.04) ...
Selecting previously unselected package libgcc-11-dev:amd64.
Preparing to unpack .../21-libgcc-11-dev_11.3.0-1ubuntu1~22.04.1_amd64.deb ...
Unpacking libgcc-11-dev:amd64 (11.3.0-1ubuntu1~22.04.1) ...
Selecting previously unselected package gcc-11.
Preparing to unpack .../22-gcc-11_11.3.0-1ubuntu1~22.04.1_amd64.deb ...
Unpacking gcc-11 (11.3.0-1ubuntu1~22.04.1) ...
Selecting previously unselected package gcc.
Preparing to unpack .../23-gcc_4%3a11.2.0-1ubuntu1_amd64.deb ...
Unpacking gcc (4:11.2.0-1ubuntu1) ...
Selecting previously unselected package libstdc++-11-dev:amd64.
Preparing to unpack .../24-libstdc++-11-dev_11.3.0-1ubuntu1~22.04.1_amd64.deb ...
Unpacking libstdc++-11-dev:amd64 (11.3.0-1ubuntu1~22.04.1) ...
Selecting previously unselected package g++-11.
Preparing to unpack .../25-g++-11_11.3.0-1ubuntu1~22.04.1_amd64.deb ...
Unpacking g++-11 (11.3.0-1ubuntu1~22.04.1) ...
Selecting previously unselected package g++.
Preparing to unpack .../26-g++_4%3a11.2.0-1ubuntu1_amd64.deb ...
Unpacking g++ (4:11.2.0-1ubuntu1) ...
Selecting previously unselected package make.
Preparing to unpack .../27-make_4.3-4.1build1_amd64.deb ...
Unpacking make (4.3-4.1build1) ...
Selecting previously unselected package libdpkg-perl.
Preparing to unpack .../28-libdpkg-perl_1.21.1ubuntu2.2_all.deb ...
Unpacking libdpkg-perl (1.21.1ubuntu2.2) ...
Selecting previously unselected package bzip2.
Preparing to unpack .../29-bzip2_1.0.8-5build1_amd64.deb ...
Unpacking bzip2 (1.0.8-5build1) ...
Selecting previously unselected package lto-disabled-list.
Preparing to unpack .../30-lto-disabled-list_24_all.deb ...
Unpacking lto-disabled-list (24) ...
Selecting previously unselected package dpkg-dev.
Preparing to unpack .../31-dpkg-dev_1.21.1ubuntu2.2_all.deb ...
Unpacking dpkg-dev (1.21.1ubuntu2.2) ...
Selecting previously unselected package build-essential.
Preparing to unpack .../32-build-essential_12.9ubuntu3_amd64.deb ...
Unpacking build-essential (12.9ubuntu3) ...
Selecting previously unselected package libfakeroot:amd64.
Preparing to unpack .../33-libfakeroot_1.28-1ubuntu1_amd64.deb ...
Unpacking libfakeroot:amd64 (1.28-1ubuntu1) ...
Selecting previously unselected package fakeroot.
Preparing to unpack .../34-fakeroot_1.28-1ubuntu1_amd64.deb ...
Unpacking fakeroot (1.28-1ubuntu1) ...
Selecting previously unselected package fonts-dejavu-core.
Preparing to unpack .../35-fonts-dejavu-core_2.37-2build1_all.deb ...
Unpacking fonts-dejavu-core (2.37-2build1) ...
Selecting previously unselected package fontconfig-config.
Preparing to unpack .../36-fontconfig-config_2.13.1-4.2ubuntu5_all.deb ...
Unpacking fontconfig-config (2.13.1-4.2ubuntu5) ...
Selecting previously unselected package javascript-common.
Preparing to unpack .../37-javascript-common_11+nmu1_all.deb ...
Unpacking javascript-common (11+nmu1) ...
Selecting previously unselected package libalgorithm-diff-perl.
Preparing to unpack .../38-libalgorithm-diff-perl_1.201-1_all.deb ...
Unpacking libalgorithm-diff-perl (1.201-1) ...
Selecting previously unselected package libalgorithm-diff-xs-perl.
Preparing to unpack .../39-libalgorithm-diff-xs-perl_0.04-6build3_amd64.deb ...
Unpacking libalgorithm-diff-xs-perl (0.04-6build3) ...
Selecting previously unselected package libalgorithm-merge-perl.
Preparing to unpack .../40-libalgorithm-merge-perl_0.08-3_all.deb ...
Unpacking libalgorithm-merge-perl (0.08-3) ...
Selecting previously unselected package libfontconfig1:amd64.
Preparing to unpack .../41-libfontconfig1_2.13.1-4.2ubuntu5_amd64.deb ...
Unpacking libfontconfig1:amd64 (2.13.1-4.2ubuntu5) ...
Selecting previously unselected package libjpeg-turbo8:amd64.
Preparing to unpack .../42-libjpeg-turbo8_2.1.2-0ubuntu1_amd64.deb ...
Unpacking libjpeg-turbo8:amd64 (2.1.2-0ubuntu1) ...
Selecting previously unselected package libjpeg8:amd64.
Preparing to unpack .../43-libjpeg8_8c-2ubuntu10_amd64.deb ...
Unpacking libjpeg8:amd64 (8c-2ubuntu10) ...
Selecting previously unselected package libdeflate0:amd64.
Preparing to unpack .../44-libdeflate0_1.10-2_amd64.deb ...
Unpacking libdeflate0:amd64 (1.10-2) ...
Selecting previously unselected package libjbig0:amd64.
Preparing to unpack .../45-libjbig0_2.1-3.1ubuntu0.22.04.1_amd64.deb ...
Unpacking libjbig0:amd64 (2.1-3.1ubuntu0.22.04.1) ...
Selecting previously unselected package libwebp7:amd64.
Preparing to unpack .../46-libwebp7_1.2.2-2ubuntu0.22.04.1_amd64.deb ...
Unpacking libwebp7:amd64 (1.2.2-2ubuntu0.22.04.1) ...
Selecting previously unselected package libtiff5:amd64.
Preparing to unpack .../47-libtiff5_4.3.0-6ubuntu0.4_amd64.deb ...
Unpacking libtiff5:amd64 (4.3.0-6ubuntu0.4) ...
Selecting previously unselected package libxpm4:amd64.
Preparing to unpack .../48-libxpm4_1%3a3.5.12-1ubuntu0.22.04.1_amd64.deb ...
Unpacking libxpm4:amd64 (1:3.5.12-1ubuntu0.22.04.1) ...
Selecting previously unselected package libgd3:amd64.
Preparing to unpack .../49-libgd3_2.3.0-2ubuntu2_amd64.deb ...
Unpacking libgd3:amd64 (2.3.0-2ubuntu2) ...
Selecting previously unselected package libc-devtools.
Preparing to unpack .../50-libc-devtools_2.35-0ubuntu3.1_amd64.deb ...
Unpacking libc-devtools (2.35-0ubuntu3.1) ...
Selecting previously unselected package libexpat1-dev:amd64.
Preparing to unpack .../51-libexpat1-dev_2.4.7-1ubuntu0.2_amd64.deb ...
Unpacking libexpat1-dev:amd64 (2.4.7-1ubuntu0.2) ...
Selecting previously unselected package libfile-fcntllock-perl.
Preparing to unpack .../52-libfile-fcntllock-perl_0.22-3build7_amd64.deb ...
Unpacking libfile-fcntllock-perl (0.22-3build7) ...
Selecting previously unselected package libjs-jquery.
Preparing to unpack .../53-libjs-jquery_3.6.0+dfsg+~3.5.13-1_all.deb ...
Unpacking libjs-jquery (3.6.0+dfsg+~3.5.13-1) ...
Selecting previously unselected package libjs-underscore.
Preparing to unpack .../54-libjs-underscore_1.13.2~dfsg-2_all.deb ...
Unpacking libjs-underscore (1.13.2~dfsg-2) ...
Selecting previously unselected package libjs-sphinxdoc.
Preparing to unpack .../55-libjs-sphinxdoc_4.3.2-1_all.deb ...
Unpacking libjs-sphinxdoc (4.3.2-1) ...
Selecting previously unselected package zlib1g-dev:amd64.
Preparing to unpack .../56-zlib1g-dev_1%3a1.2.11.dfsg-2ubuntu9.2_amd64.deb ...
Unpacking zlib1g-dev:amd64 (1:1.2.11.dfsg-2ubuntu9.2) ...
Selecting previously unselected package libpython3.10-dev:amd64.
Preparing to unpack .../57-libpython3.10-dev_3.10.6-1~22.04.2ubuntu1.1_amd64.deb ...
Unpacking libpython3.10-dev:amd64 (3.10.6-1~22.04.2ubuntu1.1) ...
Selecting previously unselected package libpython3-dev:amd64.
Preparing to unpack .../58-libpython3-dev_3.10.6-1~22.04_amd64.deb ...
Unpacking libpython3-dev:amd64 (3.10.6-1~22.04) ...
Selecting previously unselected package manpages-dev.
Preparing to unpack .../59-manpages-dev_5.10-1ubuntu1_all.deb ...
Unpacking manpages-dev (5.10-1ubuntu1) ...
Selecting previously unselected package python3.10-dev.
Preparing to unpack .../60-python3.10-dev_3.10.6-1~22.04.2ubuntu1.1_amd64.deb ...
Unpacking python3.10-dev (3.10.6-1~22.04.2ubuntu1.1) ...
Selecting previously unselected package python3-dev.
Preparing to unpack .../61-python3-dev_3.10.6-1~22.04_amd64.deb ...
Unpacking python3-dev (3.10.6-1~22.04) ...
Selecting previously unselected package python3-wheel.
Preparing to unpack .../62-python3-wheel_0.37.1-2ubuntu0.22.04.1_all.deb ...
Unpacking python3-wheel (0.37.1-2ubuntu0.22.04.1) ...
Selecting previously unselected package python3-pip.
Preparing to unpack .../63-python3-pip_22.0.2+dfsg-1ubuntu0.2_all.deb ...
Unpacking python3-pip (22.0.2+dfsg-1ubuntu0.2) ...
Setting up javascript-common (11+nmu1) ...
Setting up gcc-11-base:amd64 (11.3.0-1ubuntu1~22.04.1) ...
Setting up manpages-dev (5.10-1ubuntu1) ...
Setting up lto-disabled-list (24) ...
Setting up libxpm4:amd64 (1:3.5.12-1ubuntu0.22.04.1) ...
Setting up libfile-fcntllock-perl (0.22-3build7) ...
Setting up libalgorithm-diff-perl (1.201-1) ...
Setting up libdeflate0:amd64 (1.10-2) ...
Setting up linux-libc-dev:amd64 (5.15.0-73.80) ...
Setting up libgomp1:amd64 (12.1.0-2ubuntu1~22.04) ...
Setting up bzip2 (1.0.8-5build1) ...
Setting up python3-wheel (0.37.1-2ubuntu0.22.04.1) ...
Setting up libjbig0:amd64 (2.1-3.1ubuntu0.22.04.1) ...
Setting up libfakeroot:amd64 (1.28-1ubuntu1) ...
Setting up libasan6:amd64 (11.3.0-1ubuntu1~22.04.1) ...
Setting up fakeroot (1.28-1ubuntu1) ...
update-alternatives: using /usr/bin/fakeroot-sysv to provide /usr/bin/fakeroot (fakeroot) in auto mode
Setting up libtirpc-dev:amd64 (1.3.2-2ubuntu0.1) ...
Setting up rpcsvc-proto (1.4.2-0ubuntu6) ...
Setting up make (4.3-4.1build1) ...
Setting up libquadmath0:amd64 (12.1.0-2ubuntu1~22.04) ...
Setting up libmpc3:amd64 (1.2.1-2build1) ...
Setting up libatomic1:amd64 (12.1.0-2ubuntu1~22.04) ...
Setting up fonts-dejavu-core (2.37-2build1) ...
Setting up python3-pip (22.0.2+dfsg-1ubuntu0.2) ...
Setting up libjpeg-turbo8:amd64 (2.1.2-0ubuntu1) ...
Setting up libdpkg-perl (1.21.1ubuntu2.2) ...
Setting up libwebp7:amd64 (1.2.2-2ubuntu0.22.04.1) ...
Setting up libubsan1:amd64 (12.1.0-2ubuntu1~22.04) ...
Setting up libnsl-dev:amd64 (1.3.0-2build2) ...
Setting up libcrypt-dev:amd64 (1:4.4.27-1) ...
Setting up libjs-jquery (3.6.0+dfsg+~3.5.13-1) ...
Setting up libisl23:amd64 (0.24-2build1) ...
Setting up libc-dev-bin (2.35-0ubuntu3.1) ...
Setting up libalgorithm-diff-xs-perl (0.04-6build3) ...
Setting up libcc1-0:amd64 (12.1.0-2ubuntu1~22.04) ...
Setting up liblsan0:amd64 (12.1.0-2ubuntu1~22.04) ...
Setting up libitm1:amd64 (12.1.0-2ubuntu1~22.04) ...
Setting up libjs-underscore (1.13.2~dfsg-2) ...
Setting up libalgorithm-merge-perl (0.08-3) ...
Setting up libtsan0:amd64 (11.3.0-1ubuntu1~22.04.1) ...
Setting up libjpeg8:amd64 (8c-2ubuntu10) ...
Setting up cpp-11 (11.3.0-1ubuntu1~22.04.1) ...
Setting up fontconfig-config (2.13.1-4.2ubuntu5) ...
Setting up dpkg-dev (1.21.1ubuntu2.2) ...
Setting up libjs-sphinxdoc (4.3.2-1) ...
Setting up libgcc-11-dev:amd64 (11.3.0-1ubuntu1~22.04.1) ...
Setting up gcc-11 (11.3.0-1ubuntu1~22.04.1) ...
Setting up cpp (4:11.2.0-1ubuntu1) ...
Setting up libc6-dev:amd64 (2.35-0ubuntu3.1) ...
Setting up libtiff5:amd64 (4.3.0-6ubuntu0.4) ...
Setting up libfontconfig1:amd64 (2.13.1-4.2ubuntu5) ...
Setting up gcc (4:11.2.0-1ubuntu1) ...
Setting up libexpat1-dev:amd64 (2.4.7-1ubuntu0.2) ...
Setting up libgd3:amd64 (2.3.0-2ubuntu2) ...
Setting up libstdc++-11-dev:amd64 (11.3.0-1ubuntu1~22.04.1) ...
Setting up zlib1g-dev:amd64 (1:1.2.11.dfsg-2ubuntu9.2) ...
Setting up libc-devtools (2.35-0ubuntu3.1) ...
Setting up g++-11 (11.3.0-1ubuntu1~22.04.1) ...
Setting up libpython3.10-dev:amd64 (3.10.6-1~22.04.2ubuntu1.1) ...
Setting up python3.10-dev (3.10.6-1~22.04.2ubuntu1.1) ...
Setting up g++ (4:11.2.0-1ubuntu1) ...
update-alternatives: using /usr/bin/g++ to provide /usr/bin/c++ (c++) in auto mode
Setting up build-essential (12.9ubuntu3) ...
Setting up libpython3-dev:amd64 (3.10.6-1~22.04) ...
Setting up python3-dev (3.10.6-1~22.04) ...
Processing triggers for man-db (2.10.2-1) ...
Processing triggers for libc-bin (2.35-0ubuntu3.1) ...

Running kernel seems to be up-to-date.

Services to be restarted:
 systemctl restart cloud-final.service
 systemctl restart irqbalance.service
 systemctl restart multipathd.service
 systemctl restart packagekit.service
 systemctl restart polkit.service
 systemctl restart ssh.service

Service restarts being deferred:
 /etc/needrestart/restart.d/dbus.service
 systemctl restart networkd-dispatcher.service
 systemctl restart systemd-logind.service
 systemctl restart unattended-upgrades.service

No containers need to be restarted.

No user sessions are running outdated binaries.

No VM guests are running outdated hypervisor (qemu) binaries on this host.
Collecting ansible
  Downloading ansible-8.0.0-py3-none-any.whl (42.2 MB)
      42.2/42.2 MB 20.4 MB/s eta 0:00:00
Collecting ansible-core~=2.15.0
  Downloading ansible_core-2.15.0-py3-none-any.whl (2.2 MB)
      2.2/2.2 MB 26.3 MB/s eta 0:00:00
Requirement already satisfied: PyYAML>=5.1 in /usr/lib/python3/dist-packages (from ansible-core~=2.15.0->ansible) (5.4.1)
Collecting resolvelib<1.1.0,>=0.5.3
  Downloading resolvelib-1.0.1-py2.py3-none-any.whl (17 kB)
Collecting packaging
  Downloading packaging-23.1-py3-none-any.whl (48 kB)
      48.9/48.9 KB 5.4 MB/s eta 0:00:00
Requirement already satisfied: jinja2>=3.0.0 in /usr/lib/python3/dist-packages (from ansible-core~=2.15.0->ansible) (3.0.3)
Requirement already satisfied: cryptography in /usr/lib/python3/dist-packages (from ansible-core~=2.15.0->ansible) (3.4.8)
Installing collected packages: resolvelib, packaging, ansible-core, ansible
Successfully installed ansible-8.0.0 ansible-core-2.15.0 packaging-23.1 resolvelib-1.0.1
WARNING: Running pip as the 'root' user can result in broken permissions and conflicting behaviour with the system package manager. It is recommended to use a virtual environment instead: https://pip.pypa.io/warnings/venv

WARNING: apt does not have a stable CLI interface. Use with caution in scripts.

Reading package lists...
Building dependency tree...
Reading state information...
The following additional packages will be installed:
  bridge-utils containerd dns-root-data dnsmasq-base pigz runc ubuntu-fan
  wmdocker
Suggested packages:
  ifupdown aufs-tools cgroupfs-mount | cgroup-lite debootstrap docker-doc
  rinse zfs-fuse | zfsutils
The following NEW packages will be installed:
  bridge-utils containerd dns-root-data dnsmasq-base docker docker.io pigz
  runc ubuntu-fan wmdocker
0 upgraded, 10 newly installed, 0 to remove and 0 not upgraded.
Need to get 72.4 MB of archives.
After this operation, 287 MB of additional disk space will be used.
Get:1 http://archive.ubuntu.com/ubuntu jammy/universe amd64 pigz amd64 2.6-1 [63.6 kB]
Get:2 http://archive.ubuntu.com/ubuntu jammy/main amd64 bridge-utils amd64 1.7-1ubuntu3 [34.4 kB]
Get:3 http://archive.ubuntu.com/ubuntu jammy-updates/main amd64 runc amd64 1.1.4-0ubuntu1~22.04.3 [4244 kB]
Get:4 http://archive.ubuntu.com/ubuntu jammy-updates/main amd64 containerd amd64 1.6.12-0ubuntu1~22.04.1 [34.4 MB]
Get:5 http://archive.ubuntu.com/ubuntu jammy/main amd64 dns-root-data all 2021011101 [5256 B]
Get:6 http://archive.ubuntu.com/ubuntu jammy-updates/main amd64 dnsmasq-base amd64 2.86-1.1ubuntu0.3 [354 kB]
Get:7 http://archive.ubuntu.com/ubuntu jammy/universe amd64 wmdocker amd64 1.5-2 [13.0 kB]
Get:8 http://archive.ubuntu.com/ubuntu jammy/universe amd64 docker all 1.5-2 [1316 B]
Get:9 http://archive.ubuntu.com/ubuntu jammy-updates/universe amd64 docker.io amd64 20.10.21-0ubuntu1~22.04.3 [33.3 MB]
Get:10 http://archive.ubuntu.com/ubuntu jammy/universe amd64 ubuntu-fan all 0.12.16 [35.2 kB]
dpkg-preconfigure: unable to re-open stdin: No such file or directory
Fetched 72.4 MB in 2s (44.4 MB/s)
Selecting previously unselected package pigz.
(Reading database ... 82284 files and directories currently installed.)
Preparing to unpack .../0-pigz_2.6-1_amd64.deb ...
Unpacking pigz (2.6-1) ...
Selecting previously unselected package bridge-utils.
Preparing to unpack .../1-bridge-utils_1.7-1ubuntu3_amd64.deb ...
Unpacking bridge-utils (1.7-1ubuntu3) ...
Selecting previously unselected package runc.
Preparing to unpack .../2-runc_1.1.4-0ubuntu1~22.04.3_amd64.deb ...
Unpacking runc (1.1.4-0ubuntu1~22.04.3) ...
Selecting previously unselected package containerd.
Preparing to unpack .../3-containerd_1.6.12-0ubuntu1~22.04.1_amd64.deb ...
Unpacking containerd (1.6.12-0ubuntu1~22.04.1) ...
Selecting previously unselected package dns-root-data.
Preparing to unpack .../4-dns-root-data_2021011101_all.deb ...
Unpacking dns-root-data (2021011101) ...
Selecting previously unselected package dnsmasq-base.
Preparing to unpack .../5-dnsmasq-base_2.86-1.1ubuntu0.3_amd64.deb ...
Unpacking dnsmasq-base (2.86-1.1ubuntu0.3) ...
Selecting previously unselected package wmdocker.
Preparing to unpack .../6-wmdocker_1.5-2_amd64.deb ...
Unpacking wmdocker (1.5-2) ...
Selecting previously unselected package docker.
Preparing to unpack .../7-docker_1.5-2_all.deb ...
Unpacking docker (1.5-2) ...
Selecting previously unselected package docker.io.
Preparing to unpack .../8-docker.io_20.10.21-0ubuntu1~22.04.3_amd64.deb ...
Unpacking docker.io (20.10.21-0ubuntu1~22.04.3) ...
Selecting previously unselected package ubuntu-fan.
Preparing to unpack .../9-ubuntu-fan_0.12.16_all.deb ...
Unpacking ubuntu-fan (0.12.16) ...
Setting up wmdocker (1.5-2) ...
Setting up dnsmasq-base (2.86-1.1ubuntu0.3) ...
Setting up runc (1.1.4-0ubuntu1~22.04.3) ...
Setting up dns-root-data (2021011101) ...
Setting up bridge-utils (1.7-1ubuntu3) ...
Setting up pigz (2.6-1) ...
Setting up containerd (1.6.12-0ubuntu1~22.04.1) ...
Created symlink /etc/systemd/system/multi-user.target.wants/containerd.service  /lib/systemd/system/containerd.service.
Setting up docker (1.5-2) ...
Setting up ubuntu-fan (0.12.16) ...
Created symlink /etc/systemd/system/multi-user.target.wants/ubuntu-fan.service  /lib/systemd/system/ubuntu-fan.service.
Setting up docker.io (20.10.21-0ubuntu1~22.04.3) ...
Adding group `docker' (GID 121) ...
Done.
Created symlink /etc/systemd/system/multi-user.target.wants/docker.service  /lib/systemd/system/docker.service.
Created symlink /etc/systemd/system/sockets.target.wants/docker.socket  /lib/systemd/system/docker.socket.
Processing triggers for dbus (1.12.20-2ubuntu4.1) ...
Processing triggers for man-db (2.10.2-1) ...

Running kernel seems to be up-to-date.

Services to be restarted:
 systemctl restart cloud-final.service
 systemctl restart irqbalance.service
 systemctl restart multipathd.service
 systemctl restart packagekit.service
 systemctl restart polkit.service
 systemctl restart ssh.service

Service restarts being deferred:
 /etc/needrestart/restart.d/dbus.service
 systemctl restart networkd-dispatcher.service
 systemctl restart systemd-logind.service
 systemctl restart unattended-upgrades.service

No containers need to be restarted.

No user sessions are running outdated binaries.

No VM guests are running outdated hypervisor (qemu) binaries on this host.
Collecting docker-compose
  Downloading docker_compose-1.29.2-py2.py3-none-any.whl (114 kB)
      114.8/114.8 KB 4.1 MB/s eta 0:00:00
Requirement already satisfied: distro<2,>=1.5.0 in /usr/lib/python3/dist-packages (from docker-compose) (1.7.0)
Collecting docker[ssh]>=5
  Downloading docker-6.1.3-py3-none-any.whl (148 kB)
      148.1/148.1 KB 7.0 MB/s eta 0:00:00
Requirement already satisfied: PyYAML<6,>=3.10 in /usr/lib/python3/dist-packages (from docker-compose) (5.4.1)
Collecting websocket-client<1,>=0.32.0
  Downloading websocket_client-0.59.0-py2.py3-none-any.whl (67 kB)
      67.2/67.2 KB 5.6 MB/s eta 0:00:00
Requirement already satisfied: jsonschema<4,>=2.5.1 in /usr/lib/python3/dist-packages (from docker-compose) (3.2.0)
Collecting docopt<1,>=0.6.1
  Downloading docopt-0.6.2.tar.gz (25 kB)
  Preparing metadata (setup.py): started
  Preparing metadata (setup.py): finished with status 'done'
Collecting python-dotenv<1,>=0.13.0
  Downloading python_dotenv-0.21.1-py3-none-any.whl (19 kB)
Requirement already satisfied: requests<3,>=2.20.0 in /usr/lib/python3/dist-packages (from docker-compose) (2.25.1)
Collecting texttable<2,>=0.9.0
  Downloading texttable-1.6.7-py2.py3-none-any.whl (10 kB)
Collecting dockerpty<1,>=0.4.1
  Downloading dockerpty-0.4.1.tar.gz (13 kB)
  Preparing metadata (setup.py): started
  Preparing metadata (setup.py): finished with status 'done'
Collecting requests<3,>=2.20.0
  Downloading requests-2.31.0-py3-none-any.whl (62 kB)
      62.6/62.6 KB 6.9 MB/s eta 0:00:00
Requirement already satisfied: packaging>=14.0 in /usr/local/lib/python3.10/dist-packages (from docker[ssh]>=5->docker-compose) (23.1)
Requirement already satisfied: urllib3>=1.26.0 in /usr/lib/python3/dist-packages (from docker[ssh]>=5->docker-compose) (1.26.5)
Collecting paramiko>=2.4.3
  Downloading paramiko-3.2.0-py3-none-any.whl (224 kB)
      224.2/224.2 KB 9.6 MB/s eta 0:00:00
Requirement already satisfied: six>=1.3.0 in /usr/lib/python3/dist-packages (from dockerpty<1,>=0.4.1->docker-compose) (1.16.0)
Collecting charset-normalizer<4,>=2
  Downloading charset_normalizer-3.1.0-cp310-cp310-manylinux_2_17_x86_64.manylinux2014_x86_64.whl (199 kB)
      199.3/199.3 KB 10.3 MB/s eta 0:00:00
Requirement already satisfied: idna<4,>=2.5 in /usr/lib/python3/dist-packages (from requests<3,>=2.20.0->docker-compose) (3.3)
Requirement already satisfied: certifi>=2017.4.17 in /usr/lib/python3/dist-packages (from requests<3,>=2.20.0->docker-compose) (2020.6.20)
Requirement already satisfied: cryptography>=3.3 in /usr/lib/python3/dist-packages (from paramiko>=2.4.3->docker[ssh]>=5->docker-compose) (3.4.8)
Collecting pynacl>=1.5
  Downloading PyNaCl-1.5.0-cp36-abi3-manylinux_2_17_x86_64.manylinux2014_x86_64.manylinux_2_24_x86_64.whl (856 kB)
      856.7/856.7 KB 16.1 MB/s eta 0:00:00
Requirement already satisfied: bcrypt>=3.2 in /usr/lib/python3/dist-packages (from paramiko>=2.4.3->docker[ssh]>=5->docker-compose) (3.2.0)
Collecting cffi>=1.4.1
  Downloading cffi-1.15.1-cp310-cp310-manylinux_2_17_x86_64.manylinux2014_x86_64.whl (441 kB)
      441.8/441.8 KB 18.9 MB/s eta 0:00:00
Collecting pycparser
  Downloading pycparser-2.21-py2.py3-none-any.whl (118 kB)
      118.7/118.7 KB 13.4 MB/s eta 0:00:00
Building wheels for collected packages: dockerpty, docopt
  Building wheel for dockerpty (setup.py): started
  Building wheel for dockerpty (setup.py): finished with status 'done'
  Created wheel for dockerpty: filename=dockerpty-0.4.1-py3-none-any.whl size=16614 sha256=6f9c7c6d9aff52edd6f38f85e409f211c781eaa5da97e33c9c8d7a2e70afe376
  Stored in directory: /root/.cache/pip/wheels/18/00/32/f75cd03098074f988a01c59a2e3a55ae9c0773eb66acb4cb5e
  Building wheel for docopt (setup.py): started
  Building wheel for docopt (setup.py): finished with status 'done'
  Created wheel for docopt: filename=docopt-0.6.2-py2.py3-none-any.whl size=13723 sha256=9e0bbc4cf8dfbdcc1b9d15e6d542afecf30f6b294d75e547359088e0aab95841
  Stored in directory: /root/.cache/pip/wheels/fc/ab/d4/5da2067ac95b36618c629a5f93f809425700506f72c9732fac
Successfully built dockerpty docopt
Installing collected packages: texttable, docopt, websocket-client, python-dotenv, pycparser, dockerpty, charset-normalizer, requests, cffi, pynacl, docker, paramiko, docker-compose
  Attempting uninstall: requests
    Found existing installation: requests 2.25.1
    Not uninstalling requests at /usr/lib/python3/dist-packages, outside environment /usr
    Can't uninstall 'requests'. No files were found to uninstall.
Successfully installed cffi-1.15.1 charset-normalizer-3.1.0 docker-6.1.3 docker-compose-1.29.2 dockerpty-0.4.1 docopt-0.6.2 paramiko-3.2.0 pycparser-2.21 pynacl-1.5.0 python-dotenv-0.21.1 requests-2.31.0 texttable-1.6.7 websocket-client-0.59.0
WARNING: Running pip as the 'root' user can result in broken permissions and conflicting behaviour with the system package manager. It is recommended to use a virtual environment instead: https://pip.pypa.io/warnings/venv
Cloning into '/tmp/awx'...
Note: switching to 'aa4ca300f51781028517397b259319293cd664f8'.

You are in 'detached HEAD' state. You can look around, make experimental
changes and commit them, and you can discard any commits you make in this
state without impacting any branches by switching back to a branch.

If you want to create a new branch to retain commits you create, you may
do so (now or later) by using -c with the switch command. Example:

  git switch -c <new-branch-name>

Or undo this operation with:

  git switch -

Turn off this advice by setting config variable advice.detachedHead to false


PLAY [Build and deploy AWX] ****************************************************

TASK [Gathering Facts] *********************************************************
ok: [localhost]

TASK [check_vars : admin_password should be defined] ***************************
ok: [localhost] => {
    "changed": false,
    "msg": "All assertions passed"
}

TASK [check_vars : include_tasks] **********************************************
skipping: [localhost]

TASK [check_vars : include_tasks] **********************************************
included: /tmp/awx/installer/roles/check_vars/tasks/check_docker.yml for localhost

TASK [check_vars : postgres_data_dir should be defined] ************************
ok: [localhost] => {
    "changed": false,
    "msg": "All assertions passed"
}

TASK [image_build : Set global version if not provided] ************************
skipping: [localhost]

TASK [image_build : Verify awx-logos directory exists for official install] ****
skipping: [localhost]

TASK [image_build : Copy logos for inclusion in sdist] *************************
skipping: [localhost]

TASK [image_build : Set awx image name] ****************************************
skipping: [localhost]

TASK [image_build : Render Dockerfile] *****************************************
skipping: [localhost]

TASK [image_build : Build AWX image] *******************************************
skipping: [localhost]

TASK [image_build : Tag awx images as latest] **********************************
skipping: [localhost] => (item=awx) 
skipping: [localhost]

TASK [image_push : Authenticate with Docker registry if registry password given] ***
skipping: [localhost]

TASK [image_push : Remove awx image] *******************************************
skipping: [localhost]

TASK [image_push : Tag and push awx image to registry] *************************
skipping: [localhost]

TASK [image_push : Set full image path for Registry] ***************************
skipping: [localhost]

TASK [kubernetes : Generate broadcast websocket secret] ************************
skipping: [localhost]

TASK [kubernetes : fail] *******************************************************
skipping: [localhost]

TASK [kubernetes : include_tasks] **********************************************
skipping: [localhost] => (item=openshift_auth.yml) 
skipping: [localhost] => (item=openshift.yml) 
skipping: [localhost]

TASK [kubernetes : include_tasks] **********************************************
skipping: [localhost] => (item=kubernetes_auth.yml) 
skipping: [localhost] => (item=kubernetes.yml) 
skipping: [localhost]

TASK [kubernetes : Use kubectl or oc] ******************************************
skipping: [localhost]

TASK [kubernetes : set_fact] ***************************************************
skipping: [localhost]

TASK [kubernetes : Record deployment size] *************************************
skipping: [localhost]

TASK [kubernetes : Set expected post-deployment Replicas value] ****************
skipping: [localhost]

TASK [kubernetes : Delete existing Deployment (or StatefulSet)] ****************
skipping: [localhost]

TASK [kubernetes : Get Postgres Service Detail] ********************************
skipping: [localhost]

TASK [kubernetes : Template PostgreSQL Deployment (OpenShift)] *****************
skipping: [localhost]

TASK [kubernetes : Deploy and Activate Postgres (OpenShift)] *******************
skipping: [localhost]

TASK [kubernetes : Create Temporary Values File (Kubernetes)] ******************
skipping: [localhost]

TASK [kubernetes : Populate Temporary Values File (Kubernetes)] ****************
skipping: [localhost]

TASK [kubernetes : Deploy and Activate Postgres (Kubernetes)] ******************
skipping: [localhost]

TASK [kubernetes : Remove tempfile] ********************************************
skipping: [localhost]

TASK [kubernetes : Set postgresql hostname to helm package service (Kubernetes)] ***
skipping: [localhost]

TASK [kubernetes : Wait for Postgres to activate] ******************************
skipping: [localhost]

TASK [kubernetes : Check if Postgres 10 is being used] *************************
skipping: [localhost]

TASK [kubernetes : Set new pg image] *******************************************
skipping: [localhost]

TASK [kubernetes : Wait for change to take affect] *****************************
skipping: [localhost]

TASK [kubernetes : Set env var for pg upgrade] *********************************
skipping: [localhost]

TASK [kubernetes : Wait for change to take affect] *****************************
skipping: [localhost]

TASK [kubernetes : Set env var for new pg version] *****************************
skipping: [localhost]

TASK [kubernetes : Wait for Postgres to redeploy] ******************************
skipping: [localhost]

TASK [kubernetes : Wait for Postgres to finish upgrading] **********************
skipping: [localhost]

TASK [kubernetes : Unset upgrade env var] **************************************
skipping: [localhost]

TASK [kubernetes : Wait for Postgres to redeploy] ******************************
skipping: [localhost]

TASK [kubernetes : Set awx image name] *****************************************
skipping: [localhost]

TASK [kubernetes : Determine Deployment api version] ***************************
skipping: [localhost]

TASK [kubernetes : Get Root CA file contents] **********************************
skipping: [localhost]

TASK [kubernetes : Render Root CA template] ************************************
skipping: [localhost]

TASK [kubernetes : Apply Root CA template] *************************************
skipping: [localhost]

TASK [kubernetes : Set Root CA file name] **************************************
skipping: [localhost]

TASK [kubernetes : Set Root CA file location] **********************************
skipping: [localhost]

TASK [kubernetes : Render deployment templates] ********************************
skipping: [localhost] => (item=None) 
skipping: [localhost] => (item=None) 
skipping: [localhost] => (item=None) 
skipping: [localhost] => (item=None) 
skipping: [localhost]

TASK [kubernetes : Apply Deployment] *******************************************
skipping: [localhost]

TASK [kubernetes : Delete any existing management pod] *************************
skipping: [localhost]

TASK [kubernetes : Template management pod] ************************************
skipping: [localhost]

TASK [kubernetes : Create management pod] **************************************
skipping: [localhost]

TASK [kubernetes : Wait for management pod to start] ***************************
skipping: [localhost]

TASK [kubernetes : Migrate database] *******************************************
skipping: [localhost]

TASK [kubernetes : Check for Tower Super users] ********************************
skipping: [localhost]

TASK [kubernetes : create django super user if it does not exist] **************
skipping: [localhost]

TASK [kubernetes : update django super user password] **************************
skipping: [localhost]

TASK [kubernetes : Create the default organization if it is needed.] ***********
skipping: [localhost]

TASK [kubernetes : Delete management pod] **************************************
skipping: [localhost]

TASK [kubernetes : Scale up deployment] ****************************************
skipping: [localhost]

TASK [local_docker : Generate broadcast websocket secret] **********************
ok: [localhost]

TASK [local_docker : Create ~/.awx/pgdocker directory] *************************
changed: [localhost]

TASK [local_docker : Get full path of postgres data dir] ***********************
changed: [localhost]

TASK [local_docker : Register temporary docker container] **********************
ok: [localhost]

TASK [local_docker : Check for existing Postgres data (run from inside the container for access to file)] ***
fatal: [localhost]: FAILED! => {"changed": true, "cmd": "docker run --rm -v '~/.awx/pgdocker:/var/lib/postgresql' centos:8 bash -c  \"[[ -f /var/lib/postgresql/10/data/PG_VERSION ]] && echo 'exists'\"\n", "delta": "0:00:08.493179", "end": "2023-06-06 08:11:45.065288", "msg": "non-zero return code", "rc": 125, "start": "2023-06-06 08:11:36.572109", "stderr": "Unable to find image 'centos:8' locally\n8: Pulling from library/centos\na1d0c7532777: Pulling fs layer\na1d0c7532777: Verifying Checksum\na1d0c7532777: Download complete\na1d0c7532777: Pull complete\nDigest: sha256:a27fd8080b517143cbbbab9dfb7c8571c40d67d534bbdee55bd6c473f432b177\nStatus: Downloaded newer image for centos:8\ndocker: Error response from daemon: create ~/.awx/pgdocker: \"~/.awx/pgdocker\" includes invalid characters for a local volume name, only \"[a-zA-Z0-9][a-zA-Z0-9_.-]\" are allowed. If you intended to pass a host directory, use absolute path.\nSee 'docker run --help'.", "stderr_lines": ["Unable to find image 'centos:8' locally", "8: Pulling from library/centos", "a1d0c7532777: Pulling fs layer", "a1d0c7532777: Verifying Checksum", "a1d0c7532777: Download complete", "a1d0c7532777: Pull complete", "Digest: sha256:a27fd8080b517143cbbbab9dfb7c8571c40d67d534bbdee55bd6c473f432b177", "Status: Downloaded newer image for centos:8", "docker: Error response from daemon: create ~/.awx/pgdocker: \"~/.awx/pgdocker\" includes invalid characters for a local volume name, only \"[a-zA-Z0-9][a-zA-Z0-9_.-]\" are allowed. If you intended to pass a host directory, use absolute path.", "See 'docker run --help'."], "stdout": "", "stdout_lines": []}
...ignoring

TASK [local_docker : Record Postgres version] **********************************
skipping: [localhost]

TASK [local_docker : Determine whether to upgrade postgres] ********************
skipping: [localhost]

TASK [local_docker : Set up new postgres paths pre-upgrade] ********************
skipping: [localhost]

TASK [local_docker : Stop AWX before upgrading postgres] ***********************
skipping: [localhost]

TASK [local_docker : Upgrade Postgres] *****************************************
skipping: [localhost]

TASK [local_docker : Copy old pg_hba.conf] *************************************
skipping: [localhost]

TASK [local_docker : Remove old data directory] ********************************
skipping: [localhost]

TASK [local_docker : Export Docker awx image if it isnt local and there isnt a registry defined] ***
skipping: [localhost]

TASK [local_docker : Set docker base path] *************************************
skipping: [localhost]

TASK [local_docker : Ensure directory exists] **********************************
skipping: [localhost]

TASK [local_docker : Copy awx image to docker execution] ***********************
skipping: [localhost]

TASK [local_docker : Load awx image] *******************************************
skipping: [localhost]

TASK [local_docker : Set full image path for local install] ********************
skipping: [localhost]

TASK [local_docker : Set DockerHub Image Paths] ********************************
ok: [localhost]

TASK [local_docker : Create ~/.awx/awxcompose directory] ***********************
changed: [localhost]

TASK [local_docker : Create Redis socket directory] ****************************
changed: [localhost]

TASK [local_docker : Create Docker Compose Configuration] **********************
changed: [localhost] => (item={'file': 'environment.sh', 'mode': '0600'})
changed: [localhost] => (item={'file': 'credentials.py', 'mode': '0600'})
changed: [localhost] => (item={'file': 'docker-compose.yml', 'mode': '0600'})
changed: [localhost] => (item={'file': 'nginx.conf', 'mode': '0600'})
changed: [localhost] => (item={'file': 'redis.conf', 'mode': '0664'})

TASK [local_docker : Render SECRET_KEY file] ***********************************
changed: [localhost]

TASK [local_docker : Remove AWX containers before migrating postgres so that the old postgres container does not get used] ***
ok: [localhost]

TASK [local_docker : Run migrations in task container] *************************
changed: [localhost]

TASK [local_docker : Start the containers] *************************************
changed: [localhost]

TASK [local_docker : Update CA trust in awx_web container] *********************
changed: [localhost]

TASK [local_docker : Update CA trust in awx_task container] ********************
changed: [localhost]

TASK [local_docker : Wait for launch script to create user] ********************
ok: [localhost]

TASK [local_docker : Create Preload data] **************************************
changed: [localhost]

PLAY RECAP *********************************************************************
localhost                  : ok=21   changed=12   unreachable=0    failed=0    skipped=73   rescued=0    ignored=1   

Cloud-init v. 23.1.1-0ubuntu0~22.04.1 finished at Tue, 06 Jun 2023 08:14:51 +0000. Datasource DataSourceMAAS [http://10.0.32.8:5248/MAAS/metadata/].  Up 391.44 seconds